Buildfile: C:\WebRatio\WebRatio Enterprise Platform 7.2.18.x64bit\WebRatio\plugins\com.webratio.generator.webapp_7.2.18.201903231300\DataModel\JavaCompile.xml

main:
    [javac] Compiling 14 source files to C:\WebRatio\WebRatio Enterprise Platform 7.2.18.x64bit\Tomcat\webapps\11_PAWeb\WEB-INF\classes
    [javac] ----------
    [javac] 1. ERROR in C:\WebRatio\WebRatio Enterprise Platform 7.2.18.x64bit\Tomcat\webapps\11_PAWeb\WEB-INF\classes\com\webratio\webapp\LineaOrdine.java (at line 13)
    [javac] 	private com.webratio.webapp.LineaOrdine_PrezzoParzialeBean _prezzoParzialeBean;
    [javac] 	        ^^^^^^^^^^^^^^^^^^^^^^^^^^^^^^^^^^^^^^^^^^^^^^^^^^
    [javac] com.webratio.webapp.LineaOrdine_PrezzoParzialeBean cannot be resolved to a type
    [javac] ----------
    [javac] 2. ERROR in C:\WebRatio\WebRatio Enterprise Platform 7.2.18.x64bit\Tomcat\webapps\11_PAWeb\WEB-INF\classes\com\webratio\webapp\LineaOrdine.java (at line 41)
    [javac] 	com.webratio.webapp.LineaOrdine_PrezzoParzialeBean __prezzoParziale = this.getPrezzoParzialeBean();
    [javac] 	^^^^^^^^^^^^^^^^^^^^^^^^^^^^^^^^^^^^^^^^^^^^^^^^^^
    [javac] com.webratio.webapp.LineaOrdine_PrezzoParzialeBean cannot be resolved to a type
    [javac] ----------
    [javac] 3. ERROR in C:\WebRatio\WebRatio Enterprise Platform 7.2.18.x64bit\Tomcat\webapps\11_PAWeb\WEB-INF\classes\com\webratio\webapp\LineaOrdine.java (at line 41)
    [javac] 	com.webratio.webapp.LineaOrdine_PrezzoParzialeBean __prezzoParziale = this.getPrezzoParzialeBean();
    [javac] 	                                                                           ^^^^^^^^^^^^^^^^^^^^^
    [javac] The method getPrezzoParzialeBean() from the type LineaOrdine refers to the missing type LineaOrdine_PrezzoParzialeBean
    [javac] ----------
    [javac] 4. ERROR in C:\WebRatio\WebRatio Enterprise Platform 7.2.18.x64bit\Tomcat\webapps\11_PAWeb\WEB-INF\classes\com\webratio\webapp\LineaOrdine.java (at line 52)
    [javac] 	public com.webratio.webapp.LineaOrdine_PrezzoParzialeBean getPrezzoParzialeBean() {
    [javac] 	       ^^^^^^^^^^^^^^^^^^^^^^^^^^^^^^^^^^^^^^^^^^^^^^^^^^
    [javac] com.webratio.webapp.LineaOrdine_PrezzoParzialeBean cannot be resolved to a type
    [javac] ----------
    [javac] 5. ERROR in C:\WebRatio\WebRatio Enterprise Platform 7.2.18.x64bit\Tomcat\webapps\11_PAWeb\WEB-INF\classes\com\webratio\webapp\LineaOrdine.java (at line 53)
    [javac] 	return _prezzoParzialeBean;
    [javac] 	       ^^^^^^^^^^^^^^^^^^^
    [javac] LineaOrdine_PrezzoParzialeBean cannot be resolved to a type
    [javac] ----------
    [javac] 6. ERROR in C:\WebRatio\WebRatio Enterprise Platform 7.2.18.x64bit\Tomcat\webapps\11_PAWeb\WEB-INF\classes\com\webratio\webapp\LineaOrdine.java (at line 56)
    [javac] 	public void setPrezzoParzialeBean(com.webratio.webapp.LineaOrdine_PrezzoParzialeBean _prezzoParzialeBean) {
    [javac] 	                                  ^^^^^^^^^^^^^^^^^^^^^^^^^^^^^^^^^^^^^^^^^^^^^^^^^^
    [javac] com.webratio.webapp.LineaOrdine_PrezzoParzialeBean cannot be resolved to a type
    [javac] ----------
    [javac] 7. ERROR in C:\WebRatio\WebRatio Enterprise Platform 7.2.18.x64bit\Tomcat\webapps\11_PAWeb\WEB-INF\classes\com\webratio\webapp\LineaOrdine.java (at line 57)
    [javac] 	this._prezzoParzialeBean = _prezzoParzialeBean;
    [javac] 	^^^^^^^^^^^^^^^^^^^^^^^^
    [javac] LineaOrdine_PrezzoParzialeBean cannot be resolved to a type
    [javac] ----------
    [javac] ----------
    [javac] 8. ERROR in C:\WebRatio\WebRatio Enterprise Platform 7.2.18.x64bit\Tomcat\webapps\11_PAWeb\WEB-INF\classes\com\webratio\webapp\Ordine.java (at line 13)
    [javac] 	private com.webratio.webapp.Ordine_TotaleBean _totaleBean;
    [javac] 	        ^^^^^^^^^^^^^^^^^^^^^^^^^^^^^^^^^^^^^
    [javac] com.webratio.webapp.Ordine_TotaleBean cannot be resolved to a type
    [javac] ----------
    [javac] 9. ERROR in C:\WebRatio\WebRatio Enterprise Platform 7.2.18.x64bit\Tomcat\webapps\11_PAWeb\WEB-INF\classes\com\webratio\webapp\Ordine.java (at line 41)
    [javac] 	com.webratio.webapp.Ordine_TotaleBean __totale = this.getTotaleBean();
    [javac] 	^^^^^^^^^^^^^^^^^^^^^^^^^^^^^^^^^^^^^
    [javac] com.webratio.webapp.Ordine_TotaleBean cannot be resolved to a type
    [javac] ----------
    [javac] 10. ERROR in C:\WebRatio\WebRatio Enterprise Platform 7.2.18.x64bit\Tomcat\webapps\11_PAWeb\WEB-INF\classes\com\webratio\webapp\Ordine.java (at line 41)
    [javac] 	com.webratio.webapp.Ordine_TotaleBean __totale = this.getTotaleBean();
    [javac] 	                                                      ^^^^^^^^^^^^^
    [javac] The method getTotaleBean() from the type Ordine refers to the missing type Ordine_TotaleBean
    [javac] ----------
    [javac] 11. ERROR in C:\WebRatio\WebRatio Enterprise Platform 7.2.18.x64bit\Tomcat\webapps\11_PAWeb\WEB-INF\classes\com\webratio\webapp\Ordine.java (at line 52)
    [javac] 	public com.webratio.webapp.Ordine_TotaleBean getTotaleBean() {
    [javac] 	       ^^^^^^^^^^^^^^^^^^^^^^^^^^^^^^^^^^^^^
    [javac] com.webratio.webapp.Ordine_TotaleBean cannot be resolved to a type
    [javac] ----------
    [javac] 12. ERROR in C:\WebRatio\WebRatio Enterprise Platform 7.2.18.x64bit\Tomcat\webapps\11_PAWeb\WEB-INF\classes\com\webratio\webapp\Ordine.java (at line 53)
    [javac] 	return _totaleBean;
    [javac] 	       ^^^^^^^^^^^
    [javac] Ordine_TotaleBean cannot be resolved to a type
    [javac] ----------
    [javac] 13. ERROR in C:\WebRatio\WebRatio Enterprise Platform 7.2.18.x64bit\Tomcat\webapps\11_PAWeb\WEB-INF\classes\com\webratio\webapp\Ordine.java (at line 56)
    [javac] 	public void setTotaleBean(com.webratio.webapp.Ordine_TotaleBean _totaleBean) {
    [javac] 	                          ^^^^^^^^^^^^^^^^^^^^^^^^^^^^^^^^^^^^^
    [javac] com.webratio.webapp.Ordine_TotaleBean cannot be resolved to a type
    [javac] ----------
    [javac] 14. ERROR in C:\WebRatio\WebRatio Enterprise Platform 7.2.18.x64bit\Tomcat\webapps\11_PAWeb\WEB-INF\classes\com\webratio\webapp\Ordine.java (at line 57)
    [javac] 	this._totaleBean = _totaleBean;
    [javac] 	^^^^^^^^^^^^^^^^
    [javac] Ordine_TotaleBean cannot be resolved to a type
    [javac] ----------
    [javac] 14 problems (14 errors)
