07-Aug-2023 17:07:09.046 INFORMAZIONI [main] org.apache.catalina.core.ApplicationContext.log ContextListener: contextInitialized()
07-Aug-2023 17:07:09.046 INFORMAZIONI [main] org.apache.catalina.core.ApplicationContext.log SessionListener: contextInitialized()
07-Aug-2023 17:07:09.049 INFORMAZIONI [main] org.apache.catalina.core.ApplicationContext.log ContextListener: attributeAdded('StockTicker', 'async.Stockticker@485e13d7')
07-Aug-2023 17:13:49.072 INFORMAZIONI [main] org.apache.catalina.core.ApplicationContext.log SessionListener: contextDestroyed()
07-Aug-2023 17:13:49.072 INFORMAZIONI [main] org.apache.catalina.core.ApplicationContext.log ContextListener: contextDestroyed()
07-Aug-2023 17:37:04.803 INFORMAZIONI [main] org.apache.catalina.core.ApplicationContext.log ContextListener: contextInitialized()
07-Aug-2023 17:37:04.803 INFORMAZIONI [main] org.apache.catalina.core.ApplicationContext.log SessionListener: contextInitialized()
07-Aug-2023 17:37:04.805 INFORMAZIONI [main] org.apache.catalina.core.ApplicationContext.log ContextListener: attributeAdded('StockTicker', 'async.Stockticker@43984213')
07-Aug-2023 17:37:19.000 INFORMAZIONI [main] org.apache.catalina.core.ApplicationContext.log SessionListener: contextDestroyed()
07-Aug-2023 17:37:19.000 INFORMAZIONI [main] org.apache.catalina.core.ApplicationContext.log ContextListener: contextDestroyed()
07-Aug-2023 17:38:34.932 INFORMAZIONI [main] org.apache.catalina.core.ApplicationContext.log ContextListener: contextInitialized()
07-Aug-2023 17:38:34.932 INFORMAZIONI [main] org.apache.catalina.core.ApplicationContext.log SessionListener: contextInitialized()
07-Aug-2023 17:38:34.934 INFORMAZIONI [main] org.apache.catalina.core.ApplicationContext.log ContextListener: attributeAdded('StockTicker', 'async.Stockticker@37baddde')
07-Aug-2023 17:39:20.526 INFORMAZIONI [main] org.apache.catalina.core.ApplicationContext.log ContextListener: contextInitialized()
07-Aug-2023 17:39:20.526 INFORMAZIONI [main] org.apache.catalina.core.ApplicationContext.log SessionListener: contextInitialized()
07-Aug-2023 17:39:20.528 INFORMAZIONI [main] org.apache.catalina.core.ApplicationContext.log ContextListener: attributeAdded('StockTicker', 'async.Stockticker@4b31a708')
07-Aug-2023 17:39:20.630 INFORMAZIONI [main] org.apache.catalina.core.ApplicationContext.log SessionListener: contextDestroyed()
07-Aug-2023 17:39:20.630 INFORMAZIONI [main] org.apache.catalina.core.ApplicationContext.log ContextListener: contextDestroyed()
07-Aug-2023 17:39:24.735 INFORMAZIONI [main] org.apache.catalina.core.ApplicationContext.log SessionListener: contextDestroyed()
07-Aug-2023 17:39:24.735 INFORMAZIONI [main] org.apache.catalina.core.ApplicationContext.log ContextListener: contextDestroyed()
07-Aug-2023 17:42:00.063 INFORMAZIONI [main] org.apache.catalina.core.ApplicationContext.log ContextListener: contextInitialized()
07-Aug-2023 17:42:00.064 INFORMAZIONI [main] org.apache.catalina.core.ApplicationContext.log SessionListener: contextInitialized()
07-Aug-2023 17:42:00.066 INFORMAZIONI [main] org.apache.catalina.core.ApplicationContext.log ContextListener: attributeAdded('StockTicker', 'async.Stockticker@43984213')
07-Aug-2023 17:43:24.885 INFORMAZIONI [main] org.apache.catalina.core.ApplicationContext.log SessionListener: contextDestroyed()
07-Aug-2023 17:43:24.885 INFORMAZIONI [main] org.apache.catalina.core.ApplicationContext.log ContextListener: contextDestroyed()
07-Aug-2023 18:02:20.241 INFORMAZIONI [main] org.apache.catalina.core.ApplicationContext.log ContextListener: contextInitialized()
07-Aug-2023 18:02:20.241 INFORMAZIONI [main] org.apache.catalina.core.ApplicationContext.log SessionListener: contextInitialized()
07-Aug-2023 18:02:20.242 INFORMAZIONI [main] org.apache.catalina.core.ApplicationContext.log ContextListener: attributeAdded('StockTicker', 'async.Stockticker@3a790e40')
07-Aug-2023 18:07:13.113 INFORMAZIONI [main] org.apache.catalina.core.ApplicationContext.log SessionListener: contextDestroyed()
07-Aug-2023 18:07:13.113 INFORMAZIONI [main] org.apache.catalina.core.ApplicationContext.log ContextListener: contextDestroyed()
07-Aug-2023 18:14:31.097 INFORMAZIONI [main] org.apache.catalina.core.ApplicationContext.log ContextListener: contextInitialized()
07-Aug-2023 18:14:31.097 INFORMAZIONI [main] org.apache.catalina.core.ApplicationContext.log SessionListener: contextInitialized()
07-Aug-2023 18:14:31.100 INFORMAZIONI [main] org.apache.catalina.core.ApplicationContext.log ContextListener: attributeAdded('StockTicker', 'async.Stockticker@3a790e40')
