07 ago 2023 20:54:21,809  ERROR [http-nio-8080-exec-9]  (com.webratio.units.content.rtx.db.IndexUnitService:73) - [68C72CB35EF0B69FFCF52C795D3C2574][page1][inu1]Could not execute service
 org.hibernate.exception.JDBCConnectionException: could not execute query
	at org.hibernate.exception.SQLStateConverter.convert(SQLStateConverter.java:99)
	at org.hibernate.exception.JDBCExceptionHelper.convert(JDBCExceptionHelper.java:66)
	at org.hibernate.loader.Loader.doList(Loader.java:2452)
	at org.hibernate.loader.Loader.listIgnoreQueryCache(Loader.java:2192)
	at org.hibernate.loader.Loader.list(Loader.java:2187)
	at org.hibernate.loader.hql.QueryLoader.list(QueryLoader.java:452)
	at org.hibernate.hql.ast.QueryTranslatorImpl.list(QueryTranslatorImpl.java:363)
	at org.hibernate.engine.query.HQLQueryPlan.performList(HQLQueryPlan.java:196)
	at org.hibernate.impl.SessionImpl.list(SessionImpl.java:1258)
	at org.hibernate.impl.QueryImpl.list(QueryImpl.java:102)
	at com.webratio.rtx.db.QueryHelper.list(QueryHelper.java:529)
	at com.webratio.rtx.db.DataProvider.list(DataProvider.java:395)
	at com.webratio.units.content.rtx.db.IndexUnitService.createUnitBean(IndexUnitService.java:127)
	at com.webratio.units.content.rtx.db.IndexUnitService.getUnitBean(IndexUnitService.java:95)
	at com.webratio.units.content.rtx.db.IndexUnitService.execute(IndexUnitService.java:71)
	at com.webratio.rtx.core.DefaultPageService.computeDataStructures(DefaultPageService.java:857)
	at com.webratio.rtx.core.DefaultPageService.computePage(DefaultPageService.java:403)
	at com.webratio.struts.actions.PageAction.doExecute(PageAction.java:476)
	at com.webratio.struts.actions.PageAction.execute(PageAction.java:77)
	at org.apache.struts.chain.commands.servlet.ExecuteAction.execute(ExecuteAction.java:58)
	at org.apache.struts.chain.commands.AbstractExecuteAction.execute(AbstractExecuteAction.java:67)
	at org.apache.struts.chain.commands.ActionCommandBase.execute(ActionCommandBase.java:51)
	at org.apache.commons.chain.impl.ChainBase.execute(ChainBase.java:190)
	at org.apache.commons.chain.generic.LookupCommand.execute(LookupCommand.java:304)
	at org.apache.commons.chain.impl.ChainBase.execute(ChainBase.java:190)
	at org.apache.struts.chain.ComposableRequestProcessor.process(ComposableRequestProcessor.java:283)
	at org.apache.struts.action.ActionServlet.process(ActionServlet.java:1913)
	at com.webratio.struts.servlets.WRActionServlet.process(WRActionServlet.java:155)
	at com.webratio.struts.servlets.WRActionServlet.doGet(WRActionServlet.java:109)
	at javax.servlet.http.HttpServlet.service(HttpServlet.java:634)
	at javax.servlet.http.HttpServlet.service(HttpServlet.java:741)
	at org.apache.catalina.core.ApplicationFilterChain.internalDoFilter(ApplicationFilterChain.java:231)
	at org.apache.catalina.core.ApplicationFilterChain.doFilter(ApplicationFilterChain.java:166)
	at org.apache.tomcat.websocket.server.WsFilter.doFilter(WsFilter.java:53)
	at org.apache.catalina.core.ApplicationFilterChain.internalDoFilter(ApplicationFilterChain.java:193)
	at org.apache.catalina.core.ApplicationFilterChain.doFilter(ApplicationFilterChain.java:166)
	at com.webratio.struts.filters.StaticResourceFilter.doFilter(StaticResourceFilter.java:78)
	at org.apache.catalina.core.ApplicationFilterChain.internalDoFilter(ApplicationFilterChain.java:193)
	at org.apache.catalina.core.ApplicationFilterChain.doFilter(ApplicationFilterChain.java:166)
	at com.webratio.struts.filters.SecurityFilter.doFilter(SecurityFilter.java:57)
	at org.apache.catalina.core.ApplicationFilterChain.internalDoFilter(ApplicationFilterChain.java:193)
	at org.apache.catalina.core.ApplicationFilterChain.doFilter(ApplicationFilterChain.java:166)
	at org.apache.catalina.core.StandardWrapperValve.invoke(StandardWrapperValve.java:202)
	at org.apache.catalina.core.StandardContextValve.invoke(StandardContextValve.java:96)
	at org.apache.catalina.authenticator.AuthenticatorBase.invoke(AuthenticatorBase.java:490)
	at org.apache.catalina.core.StandardHostValve.invoke(StandardHostValve.java:139)
	at org.apache.catalina.valves.ErrorReportValve.invoke(ErrorReportValve.java:92)
	at org.apache.catalina.valves.AbstractAccessLogValve.invoke(AbstractAccessLogValve.java:678)
	at org.apache.catalina.core.StandardEngineValve.invoke(StandardEngineValve.java:74)
	at org.apache.catalina.connector.CoyoteAdapter.service(CoyoteAdapter.java:343)
	at org.apache.coyote.http11.Http11Processor.service(Http11Processor.java:408)
	at org.apache.coyote.AbstractProcessorLight.process(AbstractProcessorLight.java:66)
	at org.apache.coyote.AbstractProtocol$ConnectionHandler.process(AbstractProtocol.java:853)
	at org.apache.tomcat.util.net.NioEndpoint$SocketProcessor.doRun(NioEndpoint.java:1587)
	at org.apache.tomcat.util.net.SocketProcessorBase.run(SocketProcessorBase.java:49)
	at java.base/java.util.concurrent.ThreadPoolExecutor.runWorker(ThreadPoolExecutor.java:1128)
	at java.base/java.util.concurrent.ThreadPoolExecutor$Worker.run(ThreadPoolExecutor.java:628)
	at org.apache.tomcat.util.threads.TaskThread$WrappingRunnable.run(TaskThread.java:61)
	at java.base/java.lang.Thread.run(Thread.java:829)
Caused by: com.ibm.db2.jcc.am.DisconnectNonTransientConnectionException: [jcc][t4][2030][11211][4.25.13] Di è verificato un errore di comunicazione durante le operazioni sul socket sottostante della connessione, flusso di input del socket 
o flusso di output del socket.  Posizione errore: Reply.fill() - socketInputStream.read (-1).  Messaggio: Operation timed out (Read failed). ERRORCODE=-4499, SQLSTATE=08001
	at com.ibm.db2.jcc.am.b6.a(b6.java:338)
	at com.ibm.db2.jcc.t4.a.a(a.java:572)
	at com.ibm.db2.jcc.t4.a.a(a.java:556)
	at com.ibm.db2.jcc.t4.a.a(a.java:551)
	at com.ibm.db2.jcc.t4.a.b(a.java:1671)
	at com.ibm.db2.jcc.t4.a.a(a.java:1691)
	at com.ibm.db2.jcc.t4.y.b(y.java:271)
	at com.ibm.db2.jcc.t4.y.c(y.java:337)
	at com.ibm.db2.jcc.t4.y.c(y.java:450)
	at com.ibm.db2.jcc.t4.y.v(y.java:1219)
	at com.ibm.db2.jcc.t4.ab.b(ab.java:95)
	at com.ibm.db2.jcc.t4.p.a(p.java:32)
	at com.ibm.db2.jcc.t4.av.i(av.java:150)
	at com.ibm.db2.jcc.am.k3.al(k3.java:2203)
	at com.ibm.db2.jcc.am.k4.bq(k4.java:3730)
	at com.ibm.db2.jcc.am.k4.a(k4.java:4609)
	at com.ibm.db2.jcc.am.k4.b(k4.java:4182)
	at com.ibm.db2.jcc.am.k4.bd(k4.java:780)
	at com.ibm.db2.jcc.am.k4.executeQuery(k4.java:745)
	at org.apache.commons.dbcp.DelegatingPreparedStatement.executeQuery(DelegatingPreparedStatement.java:96)
	at org.apache.commons.dbcp.DelegatingPreparedStatement.executeQuery(DelegatingPreparedStatement.java:96)
	at org.apache.commons.dbcp.DelegatingPreparedStatement.executeQuery(DelegatingPreparedStatement.java:96)
	at org.hibernate.jdbc.AbstractBatcher.getResultSet(AbstractBatcher.java:208)
	at org.hibernate.loader.Loader.getResultSet(Loader.java:1869)
	at org.hibernate.loader.Loader.doQuery(Loader.java:718)
	at org.hibernate.loader.Loader.doQueryAndInitializeNonLazyCollections(Loader.java:270)
	at org.hibernate.loader.Loader.doList(Loader.java:2449)
	... 56 more
Caused by: java.net.SocketException: Operation timed out (Read failed)
	at java.base/java.net.SocketInputStream.socketRead0(Native Method)
	at java.base/java.net.SocketInputStream.socketRead(SocketInputStream.java:115)
	at java.base/java.net.SocketInputStream.read(SocketInputStream.java:168)
	at java.base/java.net.SocketInputStream.read(SocketInputStream.java:140)
	at com.ibm.db2.jcc.t4.y.b(y.java:225)
	... 76 more
07 ago 2023 20:54:21,823  ERROR [http-nio-8080-exec-9]  (com.webratio.units.content.rtx.db.IndexUnitService:73) - [68C72CB35EF0B69FFCF52C795D3C2574][page1][inu1]Could not commit the Hibernate session [inu1]
 org.hibernate.exception.GenericJDBCException: Cannot release connection
	at org.hibernate.exception.SQLStateConverter.handledNonSpecificException(SQLStateConverter.java:140)
	at org.hibernate.exception.SQLStateConverter.convert(SQLStateConverter.java:128)
	at org.hibernate.exception.JDBCExceptionHelper.convert(JDBCExceptionHelper.java:66)
	at org.hibernate.exception.JDBCExceptionHelper.convert(JDBCExceptionHelper.java:52)
	at org.hibernate.jdbc.ConnectionManager.closeConnection(ConnectionManager.java:478)
	at org.hibernate.jdbc.ConnectionManager.aggressiveRelease(ConnectionManager.java:429)
	at org.hibernate.jdbc.ConnectionManager.afterTransaction(ConnectionManager.java:316)
	at org.hibernate.jdbc.JDBCContext.afterTransactionCompletion(JDBCContext.java:248)
	at org.hibernate.transaction.JDBCTransaction.commit(JDBCTransaction.java:158)
	at com.webratio.rtx.db.AbstractDBService.commitAndClose(AbstractDBService.java:124)
	at com.webratio.units.content.rtx.db.IndexUnitService.createUnitBean(IndexUnitService.java:139)
	at com.webratio.units.content.rtx.db.IndexUnitService.getUnitBean(IndexUnitService.java:95)
	at com.webratio.units.content.rtx.db.IndexUnitService.execute(IndexUnitService.java:71)
	at com.webratio.rtx.core.DefaultPageService.computeDataStructures(DefaultPageService.java:857)
	at com.webratio.rtx.core.DefaultPageService.computePage(DefaultPageService.java:403)
	at com.webratio.struts.actions.PageAction.doExecute(PageAction.java:476)
	at com.webratio.struts.actions.PageAction.execute(PageAction.java:77)
	at org.apache.struts.chain.commands.servlet.ExecuteAction.execute(ExecuteAction.java:58)
	at org.apache.struts.chain.commands.AbstractExecuteAction.execute(AbstractExecuteAction.java:67)
	at org.apache.struts.chain.commands.ActionCommandBase.execute(ActionCommandBase.java:51)
	at org.apache.commons.chain.impl.ChainBase.execute(ChainBase.java:190)
	at org.apache.commons.chain.generic.LookupCommand.execute(LookupCommand.java:304)
	at org.apache.commons.chain.impl.ChainBase.execute(ChainBase.java:190)
	at org.apache.struts.chain.ComposableRequestProcessor.process(ComposableRequestProcessor.java:283)
	at org.apache.struts.action.ActionServlet.process(ActionServlet.java:1913)
	at com.webratio.struts.servlets.WRActionServlet.process(WRActionServlet.java:155)
	at com.webratio.struts.servlets.WRActionServlet.doGet(WRActionServlet.java:109)
	at javax.servlet.http.HttpServlet.service(HttpServlet.java:634)
	at javax.servlet.http.HttpServlet.service(HttpServlet.java:741)
	at org.apache.catalina.core.ApplicationFilterChain.internalDoFilter(ApplicationFilterChain.java:231)
	at org.apache.catalina.core.ApplicationFilterChain.doFilter(ApplicationFilterChain.java:166)
	at org.apache.tomcat.websocket.server.WsFilter.doFilter(WsFilter.java:53)
	at org.apache.catalina.core.ApplicationFilterChain.internalDoFilter(ApplicationFilterChain.java:193)
	at org.apache.catalina.core.ApplicationFilterChain.doFilter(ApplicationFilterChain.java:166)
	at com.webratio.struts.filters.StaticResourceFilter.doFilter(StaticResourceFilter.java:78)
	at org.apache.catalina.core.ApplicationFilterChain.internalDoFilter(ApplicationFilterChain.java:193)
	at org.apache.catalina.core.ApplicationFilterChain.doFilter(ApplicationFilterChain.java:166)
	at com.webratio.struts.filters.SecurityFilter.doFilter(SecurityFilter.java:57)
	at org.apache.catalina.core.ApplicationFilterChain.internalDoFilter(ApplicationFilterChain.java:193)
	at org.apache.catalina.core.ApplicationFilterChain.doFilter(ApplicationFilterChain.java:166)
	at org.apache.catalina.core.StandardWrapperValve.invoke(StandardWrapperValve.java:202)
	at org.apache.catalina.core.StandardContextValve.invoke(StandardContextValve.java:96)
	at org.apache.catalina.authenticator.AuthenticatorBase.invoke(AuthenticatorBase.java:490)
	at org.apache.catalina.core.StandardHostValve.invoke(StandardHostValve.java:139)
	at org.apache.catalina.valves.ErrorReportValve.invoke(ErrorReportValve.java:92)
	at org.apache.catalina.valves.AbstractAccessLogValve.invoke(AbstractAccessLogValve.java:678)
	at org.apache.catalina.core.StandardEngineValve.invoke(StandardEngineValve.java:74)
	at org.apache.catalina.connector.CoyoteAdapter.service(CoyoteAdapter.java:343)
	at org.apache.coyote.http11.Http11Processor.service(Http11Processor.java:408)
	at org.apache.coyote.AbstractProcessorLight.process(AbstractProcessorLight.java:66)
	at org.apache.coyote.AbstractProtocol$ConnectionHandler.process(AbstractProtocol.java:853)
	at org.apache.tomcat.util.net.NioEndpoint$SocketProcessor.doRun(NioEndpoint.java:1587)
	at org.apache.tomcat.util.net.SocketProcessorBase.run(SocketProcessorBase.java:49)
	at java.base/java.util.concurrent.ThreadPoolExecutor.runWorker(ThreadPoolExecutor.java:1128)
	at java.base/java.util.concurrent.ThreadPoolExecutor$Worker.run(ThreadPoolExecutor.java:628)
	at org.apache.tomcat.util.threads.TaskThread$WrappingRunnable.run(TaskThread.java:61)
	at java.base/java.lang.Thread.run(Thread.java:829)
Caused by: java.sql.SQLException: Already closed.
	at org.apache.commons.dbcp.PoolableConnection.close(PoolableConnection.java:114)
	at org.apache.commons.dbcp.PoolingDataSource$PoolGuardConnectionWrapper.close(PoolingDataSource.java:191)
	at com.webratio.rtx.hibernate.SafeDelegatingConnection.close(SafeDelegatingConnection.java:38)
	at com.webratio.rtx.hibernate.DBCPConnectionProvider.closeConnection(DBCPConnectionProvider.java:232)
	at org.hibernate.jdbc.ConnectionManager.closeConnection(ConnectionManager.java:474)
	... 52 more
09 ago 2023 22:13:44,408  ERROR [http-nio-8080-exec-2]  (com.webratio.units.content.rtx.db.IndexUnitService:73) - [7E1447E3BBC31B07DE8C39271E2B3F4C][page1][inu1]Could not execute service
 org.hibernate.exception.JDBCConnectionException: could not execute query
	at org.hibernate.exception.SQLStateConverter.convert(SQLStateConverter.java:99)
	at org.hibernate.exception.JDBCExceptionHelper.convert(JDBCExceptionHelper.java:66)
	at org.hibernate.loader.Loader.doList(Loader.java:2452)
	at org.hibernate.loader.Loader.listIgnoreQueryCache(Loader.java:2192)
	at org.hibernate.loader.Loader.list(Loader.java:2187)
	at org.hibernate.loader.hql.QueryLoader.list(QueryLoader.java:452)
	at org.hibernate.hql.ast.QueryTranslatorImpl.list(QueryTranslatorImpl.java:363)
	at org.hibernate.engine.query.HQLQueryPlan.performList(HQLQueryPlan.java:196)
	at org.hibernate.impl.SessionImpl.list(SessionImpl.java:1258)
	at org.hibernate.impl.QueryImpl.list(QueryImpl.java:102)
	at com.webratio.rtx.db.QueryHelper.list(QueryHelper.java:529)
	at com.webratio.rtx.db.DataProvider.list(DataProvider.java:395)
	at com.webratio.units.content.rtx.db.IndexUnitService.createUnitBean(IndexUnitService.java:127)
	at com.webratio.units.content.rtx.db.IndexUnitService.getUnitBean(IndexUnitService.java:95)
	at com.webratio.units.content.rtx.db.IndexUnitService.execute(IndexUnitService.java:71)
	at com.webratio.rtx.core.DefaultPageService.computeDataStructures(DefaultPageService.java:857)
	at com.webratio.rtx.core.DefaultPageService.computePage(DefaultPageService.java:403)
	at com.webratio.struts.actions.PageAction.doExecute(PageAction.java:476)
	at com.webratio.struts.actions.PageAction.execute(PageAction.java:77)
	at org.apache.struts.chain.commands.servlet.ExecuteAction.execute(ExecuteAction.java:58)
	at org.apache.struts.chain.commands.AbstractExecuteAction.execute(AbstractExecuteAction.java:67)
	at org.apache.struts.chain.commands.ActionCommandBase.execute(ActionCommandBase.java:51)
	at org.apache.commons.chain.impl.ChainBase.execute(ChainBase.java:190)
	at org.apache.commons.chain.generic.LookupCommand.execute(LookupCommand.java:304)
	at org.apache.commons.chain.impl.ChainBase.execute(ChainBase.java:190)
	at org.apache.struts.chain.ComposableRequestProcessor.process(ComposableRequestProcessor.java:283)
	at org.apache.struts.action.ActionServlet.process(ActionServlet.java:1913)
	at com.webratio.struts.servlets.WRActionServlet.process(WRActionServlet.java:155)
	at com.webratio.struts.servlets.WRActionServlet.doGet(WRActionServlet.java:109)
	at javax.servlet.http.HttpServlet.service(HttpServlet.java:634)
	at javax.servlet.http.HttpServlet.service(HttpServlet.java:741)
	at org.apache.catalina.core.ApplicationFilterChain.internalDoFilter(ApplicationFilterChain.java:231)
	at org.apache.catalina.core.ApplicationFilterChain.doFilter(ApplicationFilterChain.java:166)
	at org.apache.tomcat.websocket.server.WsFilter.doFilter(WsFilter.java:53)
	at org.apache.catalina.core.ApplicationFilterChain.internalDoFilter(ApplicationFilterChain.java:193)
	at org.apache.catalina.core.ApplicationFilterChain.doFilter(ApplicationFilterChain.java:166)
	at com.webratio.struts.filters.StaticResourceFilter.doFilter(StaticResourceFilter.java:78)
	at org.apache.catalina.core.ApplicationFilterChain.internalDoFilter(ApplicationFilterChain.java:193)
	at org.apache.catalina.core.ApplicationFilterChain.doFilter(ApplicationFilterChain.java:166)
	at com.webratio.struts.filters.SecurityFilter.doFilter(SecurityFilter.java:57)
	at org.apache.catalina.core.ApplicationFilterChain.internalDoFilter(ApplicationFilterChain.java:193)
	at org.apache.catalina.core.ApplicationFilterChain.doFilter(ApplicationFilterChain.java:166)
	at org.apache.catalina.core.StandardWrapperValve.invoke(StandardWrapperValve.java:202)
	at org.apache.catalina.core.StandardContextValve.invoke(StandardContextValve.java:96)
	at org.apache.catalina.authenticator.AuthenticatorBase.invoke(AuthenticatorBase.java:490)
	at org.apache.catalina.core.StandardHostValve.invoke(StandardHostValve.java:139)
	at org.apache.catalina.valves.ErrorReportValve.invoke(ErrorReportValve.java:92)
	at org.apache.catalina.valves.AbstractAccessLogValve.invoke(AbstractAccessLogValve.java:678)
	at org.apache.catalina.core.StandardEngineValve.invoke(StandardEngineValve.java:74)
	at org.apache.catalina.connector.CoyoteAdapter.service(CoyoteAdapter.java:343)
	at org.apache.coyote.http11.Http11Processor.service(Http11Processor.java:408)
	at org.apache.coyote.AbstractProcessorLight.process(AbstractProcessorLight.java:66)
	at org.apache.coyote.AbstractProtocol$ConnectionHandler.process(AbstractProtocol.java:853)
	at org.apache.tomcat.util.net.NioEndpoint$SocketProcessor.doRun(NioEndpoint.java:1587)
	at org.apache.tomcat.util.net.SocketProcessorBase.run(SocketProcessorBase.java:49)
	at java.base/java.util.concurrent.ThreadPoolExecutor.runWorker(ThreadPoolExecutor.java:1128)
	at java.base/java.util.concurrent.ThreadPoolExecutor$Worker.run(ThreadPoolExecutor.java:628)
	at org.apache.tomcat.util.threads.TaskThread$WrappingRunnable.run(TaskThread.java:61)
	at java.base/java.lang.Thread.run(Thread.java:829)
Caused by: com.ibm.db2.jcc.am.DisconnectNonTransientConnectionException: [jcc][t4][2030][11211][4.25.13] Di è verificato un errore di comunicazione durante le operazioni sul socket sottostante della connessione, flusso di input del socket 
o flusso di output del socket.  Posizione errore: Reply.fill() - socketInputStream.read (-1).  Messaggio: Broken pipe (Write failed). ERRORCODE=-4499, SQLSTATE=08001
	at com.ibm.db2.jcc.am.b6.a(b6.java:338)
	at com.ibm.db2.jcc.t4.a.a(a.java:572)
	at com.ibm.db2.jcc.t4.a.a(a.java:556)
	at com.ibm.db2.jcc.t4.a.a(a.java:551)
	at com.ibm.db2.jcc.t4.a.b(a.java:1671)
	at com.ibm.db2.jcc.t4.a.a(a.java:1691)
	at com.ibm.db2.jcc.t4.a.h(a.java:490)
	at com.ibm.db2.jcc.t4.a.flush_(a.java:415)
	at com.ibm.db2.jcc.am.Agent.flow(Agent.java:265)
	at com.ibm.db2.jcc.am.k4.a(k4.java:4567)
	at com.ibm.db2.jcc.am.k4.b(k4.java:4182)
	at com.ibm.db2.jcc.am.k4.bd(k4.java:780)
	at com.ibm.db2.jcc.am.k4.executeQuery(k4.java:745)
	at org.apache.commons.dbcp.DelegatingPreparedStatement.executeQuery(DelegatingPreparedStatement.java:96)
	at org.apache.commons.dbcp.DelegatingPreparedStatement.executeQuery(DelegatingPreparedStatement.java:96)
	at org.apache.commons.dbcp.DelegatingPreparedStatement.executeQuery(DelegatingPreparedStatement.java:96)
	at org.hibernate.jdbc.AbstractBatcher.getResultSet(AbstractBatcher.java:208)
	at org.hibernate.loader.Loader.getResultSet(Loader.java:1869)
	at org.hibernate.loader.Loader.doQuery(Loader.java:718)
	at org.hibernate.loader.Loader.doQueryAndInitializeNonLazyCollections(Loader.java:270)
	at org.hibernate.loader.Loader.doList(Loader.java:2449)
	... 56 more
Caused by: java.net.SocketException: Broken pipe (Write failed)
	at java.base/java.net.SocketOutputStream.socketWrite0(Native Method)
	at java.base/java.net.SocketOutputStream.socketWrite(SocketOutputStream.java:110)
	at java.base/java.net.SocketOutputStream.write(SocketOutputStream.java:150)
	at com.ibm.db2.jcc.t4.ae.b(ae.java:2060)
	at com.ibm.db2.jcc.t4.ae.a(ae.java:2008)
	at com.ibm.db2.jcc.t4.a.h(a.java:483)
	... 70 more
09 ago 2023 22:13:44,420  ERROR [http-nio-8080-exec-2]  (com.webratio.units.content.rtx.db.IndexUnitService:73) - [7E1447E3BBC31B07DE8C39271E2B3F4C][page1][inu1]Could not commit the Hibernate session [inu1]
 org.hibernate.exception.GenericJDBCException: Cannot release connection
	at org.hibernate.exception.SQLStateConverter.handledNonSpecificException(SQLStateConverter.java:140)
	at org.hibernate.exception.SQLStateConverter.convert(SQLStateConverter.java:128)
	at org.hibernate.exception.JDBCExceptionHelper.convert(JDBCExceptionHelper.java:66)
	at org.hibernate.exception.JDBCExceptionHelper.convert(JDBCExceptionHelper.java:52)
	at org.hibernate.jdbc.ConnectionManager.closeConnection(ConnectionManager.java:478)
	at org.hibernate.jdbc.ConnectionManager.aggressiveRelease(ConnectionManager.java:429)
	at org.hibernate.jdbc.ConnectionManager.afterTransaction(ConnectionManager.java:316)
	at org.hibernate.jdbc.JDBCContext.afterTransactionCompletion(JDBCContext.java:248)
	at org.hibernate.transaction.JDBCTransaction.commit(JDBCTransaction.java:158)
	at com.webratio.rtx.db.AbstractDBService.commitAndClose(AbstractDBService.java:124)
	at com.webratio.units.content.rtx.db.IndexUnitService.createUnitBean(IndexUnitService.java:139)
	at com.webratio.units.content.rtx.db.IndexUnitService.getUnitBean(IndexUnitService.java:95)
	at com.webratio.units.content.rtx.db.IndexUnitService.execute(IndexUnitService.java:71)
	at com.webratio.rtx.core.DefaultPageService.computeDataStructures(DefaultPageService.java:857)
	at com.webratio.rtx.core.DefaultPageService.computePage(DefaultPageService.java:403)
	at com.webratio.struts.actions.PageAction.doExecute(PageAction.java:476)
	at com.webratio.struts.actions.PageAction.execute(PageAction.java:77)
	at org.apache.struts.chain.commands.servlet.ExecuteAction.execute(ExecuteAction.java:58)
	at org.apache.struts.chain.commands.AbstractExecuteAction.execute(AbstractExecuteAction.java:67)
	at org.apache.struts.chain.commands.ActionCommandBase.execute(ActionCommandBase.java:51)
	at org.apache.commons.chain.impl.ChainBase.execute(ChainBase.java:190)
	at org.apache.commons.chain.generic.LookupCommand.execute(LookupCommand.java:304)
	at org.apache.commons.chain.impl.ChainBase.execute(ChainBase.java:190)
	at org.apache.struts.chain.ComposableRequestProcessor.process(ComposableRequestProcessor.java:283)
	at org.apache.struts.action.ActionServlet.process(ActionServlet.java:1913)
	at com.webratio.struts.servlets.WRActionServlet.process(WRActionServlet.java:155)
	at com.webratio.struts.servlets.WRActionServlet.doGet(WRActionServlet.java:109)
	at javax.servlet.http.HttpServlet.service(HttpServlet.java:634)
	at javax.servlet.http.HttpServlet.service(HttpServlet.java:741)
	at org.apache.catalina.core.ApplicationFilterChain.internalDoFilter(ApplicationFilterChain.java:231)
	at org.apache.catalina.core.ApplicationFilterChain.doFilter(ApplicationFilterChain.java:166)
	at org.apache.tomcat.websocket.server.WsFilter.doFilter(WsFilter.java:53)
	at org.apache.catalina.core.ApplicationFilterChain.internalDoFilter(ApplicationFilterChain.java:193)
	at org.apache.catalina.core.ApplicationFilterChain.doFilter(ApplicationFilterChain.java:166)
	at com.webratio.struts.filters.StaticResourceFilter.doFilter(StaticResourceFilter.java:78)
	at org.apache.catalina.core.ApplicationFilterChain.internalDoFilter(ApplicationFilterChain.java:193)
	at org.apache.catalina.core.ApplicationFilterChain.doFilter(ApplicationFilterChain.java:166)
	at com.webratio.struts.filters.SecurityFilter.doFilter(SecurityFilter.java:57)
	at org.apache.catalina.core.ApplicationFilterChain.internalDoFilter(ApplicationFilterChain.java:193)
	at org.apache.catalina.core.ApplicationFilterChain.doFilter(ApplicationFilterChain.java:166)
	at org.apache.catalina.core.StandardWrapperValve.invoke(StandardWrapperValve.java:202)
	at org.apache.catalina.core.StandardContextValve.invoke(StandardContextValve.java:96)
	at org.apache.catalina.authenticator.AuthenticatorBase.invoke(AuthenticatorBase.java:490)
	at org.apache.catalina.core.StandardHostValve.invoke(StandardHostValve.java:139)
	at org.apache.catalina.valves.ErrorReportValve.invoke(ErrorReportValve.java:92)
	at org.apache.catalina.valves.AbstractAccessLogValve.invoke(AbstractAccessLogValve.java:678)
	at org.apache.catalina.core.StandardEngineValve.invoke(StandardEngineValve.java:74)
	at org.apache.catalina.connector.CoyoteAdapter.service(CoyoteAdapter.java:343)
	at org.apache.coyote.http11.Http11Processor.service(Http11Processor.java:408)
	at org.apache.coyote.AbstractProcessorLight.process(AbstractProcessorLight.java:66)
	at org.apache.coyote.AbstractProtocol$ConnectionHandler.process(AbstractProtocol.java:853)
	at org.apache.tomcat.util.net.NioEndpoint$SocketProcessor.doRun(NioEndpoint.java:1587)
	at org.apache.tomcat.util.net.SocketProcessorBase.run(SocketProcessorBase.java:49)
	at java.base/java.util.concurrent.ThreadPoolExecutor.runWorker(ThreadPoolExecutor.java:1128)
	at java.base/java.util.concurrent.ThreadPoolExecutor$Worker.run(ThreadPoolExecutor.java:628)
	at org.apache.tomcat.util.threads.TaskThread$WrappingRunnable.run(TaskThread.java:61)
	at java.base/java.lang.Thread.run(Thread.java:829)
Caused by: java.sql.SQLException: Already closed.
	at org.apache.commons.dbcp.PoolableConnection.close(PoolableConnection.java:114)
	at org.apache.commons.dbcp.PoolingDataSource$PoolGuardConnectionWrapper.close(PoolingDataSource.java:191)
	at com.webratio.rtx.hibernate.SafeDelegatingConnection.close(SafeDelegatingConnection.java:38)
	at com.webratio.rtx.hibernate.DBCPConnectionProvider.closeConnection(DBCPConnectionProvider.java:232)
	at org.hibernate.jdbc.ConnectionManager.closeConnection(ConnectionManager.java:474)
	... 52 more
10 ago 2023 10:02:53,819  ERROR [http-nio-8080-exec-3]  (com.webratio.units.content.rtx.db.IndexUnitService:73) - [F47BE505EE8852C9568696F089A4822C][page1][inu1]Could not execute service
 org.hibernate.exception.JDBCConnectionException: could not execute query
	at org.hibernate.exception.SQLStateConverter.convert(SQLStateConverter.java:99)
	at org.hibernate.exception.JDBCExceptionHelper.convert(JDBCExceptionHelper.java:66)
	at org.hibernate.loader.Loader.doList(Loader.java:2452)
	at org.hibernate.loader.Loader.listIgnoreQueryCache(Loader.java:2192)
	at org.hibernate.loader.Loader.list(Loader.java:2187)
	at org.hibernate.loader.hql.QueryLoader.list(QueryLoader.java:452)
	at org.hibernate.hql.ast.QueryTranslatorImpl.list(QueryTranslatorImpl.java:363)
	at org.hibernate.engine.query.HQLQueryPlan.performList(HQLQueryPlan.java:196)
	at org.hibernate.impl.SessionImpl.list(SessionImpl.java:1258)
	at org.hibernate.impl.QueryImpl.list(QueryImpl.java:102)
	at com.webratio.rtx.db.QueryHelper.list(QueryHelper.java:529)
	at com.webratio.rtx.db.DataProvider.list(DataProvider.java:395)
	at com.webratio.units.content.rtx.db.IndexUnitService.createUnitBean(IndexUnitService.java:127)
	at com.webratio.units.content.rtx.db.IndexUnitService.getUnitBean(IndexUnitService.java:95)
	at com.webratio.units.content.rtx.db.IndexUnitService.execute(IndexUnitService.java:71)
	at com.webratio.rtx.core.DefaultPageService.computeDataStructures(DefaultPageService.java:857)
	at com.webratio.rtx.core.DefaultPageService.computePage(DefaultPageService.java:403)
	at com.webratio.struts.actions.PageAction.doExecute(PageAction.java:476)
	at com.webratio.struts.actions.PageAction.execute(PageAction.java:77)
	at org.apache.struts.chain.commands.servlet.ExecuteAction.execute(ExecuteAction.java:58)
	at org.apache.struts.chain.commands.AbstractExecuteAction.execute(AbstractExecuteAction.java:67)
	at org.apache.struts.chain.commands.ActionCommandBase.execute(ActionCommandBase.java:51)
	at org.apache.commons.chain.impl.ChainBase.execute(ChainBase.java:190)
	at org.apache.commons.chain.generic.LookupCommand.execute(LookupCommand.java:304)
	at org.apache.commons.chain.impl.ChainBase.execute(ChainBase.java:190)
	at org.apache.struts.chain.ComposableRequestProcessor.process(ComposableRequestProcessor.java:283)
	at org.apache.struts.action.ActionServlet.process(ActionServlet.java:1913)
	at com.webratio.struts.servlets.WRActionServlet.process(WRActionServlet.java:155)
	at com.webratio.struts.servlets.WRActionServlet.doGet(WRActionServlet.java:109)
	at javax.servlet.http.HttpServlet.service(HttpServlet.java:634)
	at javax.servlet.http.HttpServlet.service(HttpServlet.java:741)
	at org.apache.catalina.core.ApplicationFilterChain.internalDoFilter(ApplicationFilterChain.java:231)
	at org.apache.catalina.core.ApplicationFilterChain.doFilter(ApplicationFilterChain.java:166)
	at org.apache.tomcat.websocket.server.WsFilter.doFilter(WsFilter.java:53)
	at org.apache.catalina.core.ApplicationFilterChain.internalDoFilter(ApplicationFilterChain.java:193)
	at org.apache.catalina.core.ApplicationFilterChain.doFilter(ApplicationFilterChain.java:166)
	at com.webratio.struts.filters.StaticResourceFilter.doFilter(StaticResourceFilter.java:78)
	at org.apache.catalina.core.ApplicationFilterChain.internalDoFilter(ApplicationFilterChain.java:193)
	at org.apache.catalina.core.ApplicationFilterChain.doFilter(ApplicationFilterChain.java:166)
	at com.webratio.struts.filters.SecurityFilter.doFilter(SecurityFilter.java:57)
	at org.apache.catalina.core.ApplicationFilterChain.internalDoFilter(ApplicationFilterChain.java:193)
	at org.apache.catalina.core.ApplicationFilterChain.doFilter(ApplicationFilterChain.java:166)
	at org.apache.catalina.core.StandardWrapperValve.invoke(StandardWrapperValve.java:202)
	at org.apache.catalina.core.StandardContextValve.invoke(StandardContextValve.java:96)
	at org.apache.catalina.authenticator.AuthenticatorBase.invoke(AuthenticatorBase.java:490)
	at org.apache.catalina.core.StandardHostValve.invoke(StandardHostValve.java:139)
	at org.apache.catalina.valves.ErrorReportValve.invoke(ErrorReportValve.java:92)
	at org.apache.catalina.valves.AbstractAccessLogValve.invoke(AbstractAccessLogValve.java:678)
	at org.apache.catalina.core.StandardEngineValve.invoke(StandardEngineValve.java:74)
	at org.apache.catalina.connector.CoyoteAdapter.service(CoyoteAdapter.java:343)
	at org.apache.coyote.http11.Http11Processor.service(Http11Processor.java:408)
	at org.apache.coyote.AbstractProcessorLight.process(AbstractProcessorLight.java:66)
	at org.apache.coyote.AbstractProtocol$ConnectionHandler.process(AbstractProtocol.java:853)
	at org.apache.tomcat.util.net.NioEndpoint$SocketProcessor.doRun(NioEndpoint.java:1587)
	at org.apache.tomcat.util.net.SocketProcessorBase.run(SocketProcessorBase.java:49)
	at java.base/java.util.concurrent.ThreadPoolExecutor.runWorker(ThreadPoolExecutor.java:1128)
	at java.base/java.util.concurrent.ThreadPoolExecutor$Worker.run(ThreadPoolExecutor.java:628)
	at org.apache.tomcat.util.threads.TaskThread$WrappingRunnable.run(TaskThread.java:61)
	at java.base/java.lang.Thread.run(Thread.java:829)
Caused by: com.ibm.db2.jcc.am.DisconnectNonTransientConnectionException: [jcc][t4][2030][11211][4.25.13] Di è verificato un errore di comunicazione durante le operazioni sul socket sottostante della connessione, flusso di input del socket 
o flusso di output del socket.  Posizione errore: Reply.fill() - socketInputStream.read (-1).  Messaggio: Broken pipe (Write failed). ERRORCODE=-4499, SQLSTATE=08001
	at com.ibm.db2.jcc.am.b6.a(b6.java:338)
	at com.ibm.db2.jcc.t4.a.a(a.java:572)
	at com.ibm.db2.jcc.t4.a.a(a.java:556)
	at com.ibm.db2.jcc.t4.a.a(a.java:551)
	at com.ibm.db2.jcc.t4.a.b(a.java:1671)
	at com.ibm.db2.jcc.t4.a.a(a.java:1691)
	at com.ibm.db2.jcc.t4.a.h(a.java:490)
	at com.ibm.db2.jcc.t4.a.flush_(a.java:415)
	at com.ibm.db2.jcc.am.Agent.flow(Agent.java:265)
	at com.ibm.db2.jcc.am.k4.a(k4.java:4567)
	at com.ibm.db2.jcc.am.k4.b(k4.java:4182)
	at com.ibm.db2.jcc.am.k4.bd(k4.java:780)
	at com.ibm.db2.jcc.am.k4.executeQuery(k4.java:745)
	at org.apache.commons.dbcp.DelegatingPreparedStatement.executeQuery(DelegatingPreparedStatement.java:96)
	at org.apache.commons.dbcp.DelegatingPreparedStatement.executeQuery(DelegatingPreparedStatement.java:96)
	at org.apache.commons.dbcp.DelegatingPreparedStatement.executeQuery(DelegatingPreparedStatement.java:96)
	at org.hibernate.jdbc.AbstractBatcher.getResultSet(AbstractBatcher.java:208)
	at org.hibernate.loader.Loader.getResultSet(Loader.java:1869)
	at org.hibernate.loader.Loader.doQuery(Loader.java:718)
	at org.hibernate.loader.Loader.doQueryAndInitializeNonLazyCollections(Loader.java:270)
	at org.hibernate.loader.Loader.doList(Loader.java:2449)
	... 56 more
Caused by: java.net.SocketException: Broken pipe (Write failed)
	at java.base/java.net.SocketOutputStream.socketWrite0(Native Method)
	at java.base/java.net.SocketOutputStream.socketWrite(SocketOutputStream.java:110)
	at java.base/java.net.SocketOutputStream.write(SocketOutputStream.java:150)
	at com.ibm.db2.jcc.t4.ae.b(ae.java:2060)
	at com.ibm.db2.jcc.t4.ae.a(ae.java:2008)
	at com.ibm.db2.jcc.t4.a.h(a.java:483)
	... 70 more
10 ago 2023 10:02:53,823  ERROR [http-nio-8080-exec-3]  (com.webratio.units.content.rtx.db.IndexUnitService:73) - [F47BE505EE8852C9568696F089A4822C][page1][inu1]Could not commit the Hibernate session [inu1]
 org.hibernate.exception.GenericJDBCException: Cannot release connection
	at org.hibernate.exception.SQLStateConverter.handledNonSpecificException(SQLStateConverter.java:140)
	at org.hibernate.exception.SQLStateConverter.convert(SQLStateConverter.java:128)
	at org.hibernate.exception.JDBCExceptionHelper.convert(JDBCExceptionHelper.java:66)
	at org.hibernate.exception.JDBCExceptionHelper.convert(JDBCExceptionHelper.java:52)
	at org.hibernate.jdbc.ConnectionManager.closeConnection(ConnectionManager.java:478)
	at org.hibernate.jdbc.ConnectionManager.aggressiveRelease(ConnectionManager.java:429)
	at org.hibernate.jdbc.ConnectionManager.afterTransaction(ConnectionManager.java:316)
	at org.hibernate.jdbc.JDBCContext.afterTransactionCompletion(JDBCContext.java:248)
	at org.hibernate.transaction.JDBCTransaction.commit(JDBCTransaction.java:158)
	at com.webratio.rtx.db.AbstractDBService.commitAndClose(AbstractDBService.java:124)
	at com.webratio.units.content.rtx.db.IndexUnitService.createUnitBean(IndexUnitService.java:139)
	at com.webratio.units.content.rtx.db.IndexUnitService.getUnitBean(IndexUnitService.java:95)
	at com.webratio.units.content.rtx.db.IndexUnitService.execute(IndexUnitService.java:71)
	at com.webratio.rtx.core.DefaultPageService.computeDataStructures(DefaultPageService.java:857)
	at com.webratio.rtx.core.DefaultPageService.computePage(DefaultPageService.java:403)
	at com.webratio.struts.actions.PageAction.doExecute(PageAction.java:476)
	at com.webratio.struts.actions.PageAction.execute(PageAction.java:77)
	at org.apache.struts.chain.commands.servlet.ExecuteAction.execute(ExecuteAction.java:58)
	at org.apache.struts.chain.commands.AbstractExecuteAction.execute(AbstractExecuteAction.java:67)
	at org.apache.struts.chain.commands.ActionCommandBase.execute(ActionCommandBase.java:51)
	at org.apache.commons.chain.impl.ChainBase.execute(ChainBase.java:190)
	at org.apache.commons.chain.generic.LookupCommand.execute(LookupCommand.java:304)
	at org.apache.commons.chain.impl.ChainBase.execute(ChainBase.java:190)
	at org.apache.struts.chain.ComposableRequestProcessor.process(ComposableRequestProcessor.java:283)
	at org.apache.struts.action.ActionServlet.process(ActionServlet.java:1913)
	at com.webratio.struts.servlets.WRActionServlet.process(WRActionServlet.java:155)
	at com.webratio.struts.servlets.WRActionServlet.doGet(WRActionServlet.java:109)
	at javax.servlet.http.HttpServlet.service(HttpServlet.java:634)
	at javax.servlet.http.HttpServlet.service(HttpServlet.java:741)
	at org.apache.catalina.core.ApplicationFilterChain.internalDoFilter(ApplicationFilterChain.java:231)
	at org.apache.catalina.core.ApplicationFilterChain.doFilter(ApplicationFilterChain.java:166)
	at org.apache.tomcat.websocket.server.WsFilter.doFilter(WsFilter.java:53)
	at org.apache.catalina.core.ApplicationFilterChain.internalDoFilter(ApplicationFilterChain.java:193)
	at org.apache.catalina.core.ApplicationFilterChain.doFilter(ApplicationFilterChain.java:166)
	at com.webratio.struts.filters.StaticResourceFilter.doFilter(StaticResourceFilter.java:78)
	at org.apache.catalina.core.ApplicationFilterChain.internalDoFilter(ApplicationFilterChain.java:193)
	at org.apache.catalina.core.ApplicationFilterChain.doFilter(ApplicationFilterChain.java:166)
	at com.webratio.struts.filters.SecurityFilter.doFilter(SecurityFilter.java:57)
	at org.apache.catalina.core.ApplicationFilterChain.internalDoFilter(ApplicationFilterChain.java:193)
	at org.apache.catalina.core.ApplicationFilterChain.doFilter(ApplicationFilterChain.java:166)
	at org.apache.catalina.core.StandardWrapperValve.invoke(StandardWrapperValve.java:202)
	at org.apache.catalina.core.StandardContextValve.invoke(StandardContextValve.java:96)
	at org.apache.catalina.authenticator.AuthenticatorBase.invoke(AuthenticatorBase.java:490)
	at org.apache.catalina.core.StandardHostValve.invoke(StandardHostValve.java:139)
	at org.apache.catalina.valves.ErrorReportValve.invoke(ErrorReportValve.java:92)
	at org.apache.catalina.valves.AbstractAccessLogValve.invoke(AbstractAccessLogValve.java:678)
	at org.apache.catalina.core.StandardEngineValve.invoke(StandardEngineValve.java:74)
	at org.apache.catalina.connector.CoyoteAdapter.service(CoyoteAdapter.java:343)
	at org.apache.coyote.http11.Http11Processor.service(Http11Processor.java:408)
	at org.apache.coyote.AbstractProcessorLight.process(AbstractProcessorLight.java:66)
	at org.apache.coyote.AbstractProtocol$ConnectionHandler.process(AbstractProtocol.java:853)
	at org.apache.tomcat.util.net.NioEndpoint$SocketProcessor.doRun(NioEndpoint.java:1587)
	at org.apache.tomcat.util.net.SocketProcessorBase.run(SocketProcessorBase.java:49)
	at java.base/java.util.concurrent.ThreadPoolExecutor.runWorker(ThreadPoolExecutor.java:1128)
	at java.base/java.util.concurrent.ThreadPoolExecutor$Worker.run(ThreadPoolExecutor.java:628)
	at org.apache.tomcat.util.threads.TaskThread$WrappingRunnable.run(TaskThread.java:61)
	at java.base/java.lang.Thread.run(Thread.java:829)
Caused by: java.sql.SQLException: Already closed.
	at org.apache.commons.dbcp.PoolableConnection.close(PoolableConnection.java:114)
	at org.apache.commons.dbcp.PoolingDataSource$PoolGuardConnectionWrapper.close(PoolingDataSource.java:191)
	at com.webratio.rtx.hibernate.SafeDelegatingConnection.close(SafeDelegatingConnection.java:38)
	at com.webratio.rtx.hibernate.DBCPConnectionProvider.closeConnection(DBCPConnectionProvider.java:232)
	at org.hibernate.jdbc.ConnectionManager.closeConnection(ConnectionManager.java:474)
	... 52 more
10 ago 2023 10:02:54,858  ERROR [http-nio-8080-exec-10]  (com.webratio.units.content.rtx.db.IndexUnitService:73) - [D48976DD8BF82D1F38CB8830B24738FF][page1][inu1]Could not execute service
 org.hibernate.exception.JDBCConnectionException: could not execute query
	at org.hibernate.exception.SQLStateConverter.convert(SQLStateConverter.java:99)
	at org.hibernate.exception.JDBCExceptionHelper.convert(JDBCExceptionHelper.java:66)
	at org.hibernate.loader.Loader.doList(Loader.java:2452)
	at org.hibernate.loader.Loader.listIgnoreQueryCache(Loader.java:2192)
	at org.hibernate.loader.Loader.list(Loader.java:2187)
	at org.hibernate.loader.hql.QueryLoader.list(QueryLoader.java:452)
	at org.hibernate.hql.ast.QueryTranslatorImpl.list(QueryTranslatorImpl.java:363)
	at org.hibernate.engine.query.HQLQueryPlan.performList(HQLQueryPlan.java:196)
	at org.hibernate.impl.SessionImpl.list(SessionImpl.java:1258)
	at org.hibernate.impl.QueryImpl.list(QueryImpl.java:102)
	at com.webratio.rtx.db.QueryHelper.list(QueryHelper.java:529)
	at com.webratio.rtx.db.DataProvider.list(DataProvider.java:395)
	at com.webratio.units.content.rtx.db.IndexUnitService.createUnitBean(IndexUnitService.java:127)
	at com.webratio.units.content.rtx.db.IndexUnitService.getUnitBean(IndexUnitService.java:95)
	at com.webratio.units.content.rtx.db.IndexUnitService.execute(IndexUnitService.java:71)
	at com.webratio.rtx.core.DefaultPageService.computeDataStructures(DefaultPageService.java:857)
	at com.webratio.rtx.core.DefaultPageService.computePage(DefaultPageService.java:403)
	at com.webratio.struts.actions.PageAction.doExecute(PageAction.java:476)
	at com.webratio.struts.actions.PageAction.execute(PageAction.java:77)
	at org.apache.struts.chain.commands.servlet.ExecuteAction.execute(ExecuteAction.java:58)
	at org.apache.struts.chain.commands.AbstractExecuteAction.execute(AbstractExecuteAction.java:67)
	at org.apache.struts.chain.commands.ActionCommandBase.execute(ActionCommandBase.java:51)
	at org.apache.commons.chain.impl.ChainBase.execute(ChainBase.java:190)
	at org.apache.commons.chain.generic.LookupCommand.execute(LookupCommand.java:304)
	at org.apache.commons.chain.impl.ChainBase.execute(ChainBase.java:190)
	at org.apache.struts.chain.ComposableRequestProcessor.process(ComposableRequestProcessor.java:283)
	at org.apache.struts.action.ActionServlet.process(ActionServlet.java:1913)
	at com.webratio.struts.servlets.WRActionServlet.process(WRActionServlet.java:155)
	at com.webratio.struts.servlets.WRActionServlet.doGet(WRActionServlet.java:109)
	at javax.servlet.http.HttpServlet.service(HttpServlet.java:634)
	at javax.servlet.http.HttpServlet.service(HttpServlet.java:741)
	at org.apache.catalina.core.ApplicationFilterChain.internalDoFilter(ApplicationFilterChain.java:231)
	at org.apache.catalina.core.ApplicationFilterChain.doFilter(ApplicationFilterChain.java:166)
	at org.apache.tomcat.websocket.server.WsFilter.doFilter(WsFilter.java:53)
	at org.apache.catalina.core.ApplicationFilterChain.internalDoFilter(ApplicationFilterChain.java:193)
	at org.apache.catalina.core.ApplicationFilterChain.doFilter(ApplicationFilterChain.java:166)
	at com.webratio.struts.filters.StaticResourceFilter.doFilter(StaticResourceFilter.java:78)
	at org.apache.catalina.core.ApplicationFilterChain.internalDoFilter(ApplicationFilterChain.java:193)
	at org.apache.catalina.core.ApplicationFilterChain.doFilter(ApplicationFilterChain.java:166)
	at com.webratio.struts.filters.SecurityFilter.doFilter(SecurityFilter.java:57)
	at org.apache.catalina.core.ApplicationFilterChain.internalDoFilter(ApplicationFilterChain.java:193)
	at org.apache.catalina.core.ApplicationFilterChain.doFilter(ApplicationFilterChain.java:166)
	at org.apache.catalina.core.StandardWrapperValve.invoke(StandardWrapperValve.java:202)
	at org.apache.catalina.core.StandardContextValve.invoke(StandardContextValve.java:96)
	at org.apache.catalina.authenticator.AuthenticatorBase.invoke(AuthenticatorBase.java:490)
	at org.apache.catalina.core.StandardHostValve.invoke(StandardHostValve.java:139)
	at org.apache.catalina.valves.ErrorReportValve.invoke(ErrorReportValve.java:92)
	at org.apache.catalina.valves.AbstractAccessLogValve.invoke(AbstractAccessLogValve.java:678)
	at org.apache.catalina.core.StandardEngineValve.invoke(StandardEngineValve.java:74)
	at org.apache.catalina.connector.CoyoteAdapter.service(CoyoteAdapter.java:343)
	at org.apache.coyote.http11.Http11Processor.service(Http11Processor.java:408)
	at org.apache.coyote.AbstractProcessorLight.process(AbstractProcessorLight.java:66)
	at org.apache.coyote.AbstractProtocol$ConnectionHandler.process(AbstractProtocol.java:853)
	at org.apache.tomcat.util.net.NioEndpoint$SocketProcessor.doRun(NioEndpoint.java:1587)
	at org.apache.tomcat.util.net.SocketProcessorBase.run(SocketProcessorBase.java:49)
	at java.base/java.util.concurrent.ThreadPoolExecutor.runWorker(ThreadPoolExecutor.java:1128)
	at java.base/java.util.concurrent.ThreadPoolExecutor$Worker.run(ThreadPoolExecutor.java:628)
	at org.apache.tomcat.util.threads.TaskThread$WrappingRunnable.run(TaskThread.java:61)
	at java.base/java.lang.Thread.run(Thread.java:829)
Caused by: com.ibm.db2.jcc.am.DisconnectNonTransientConnectionException: [jcc][t4][2030][11211][4.25.13] Di è verificato un errore di comunicazione durante le operazioni sul socket sottostante della connessione, flusso di input del socket 
o flusso di output del socket.  Posizione errore: Reply.fill() - socketInputStream.read (-1).  Messaggio: Broken pipe (Write failed). ERRORCODE=-4499, SQLSTATE=08001
	at com.ibm.db2.jcc.am.b6.a(b6.java:338)
	at com.ibm.db2.jcc.t4.a.a(a.java:572)
	at com.ibm.db2.jcc.t4.a.a(a.java:556)
	at com.ibm.db2.jcc.t4.a.a(a.java:551)
	at com.ibm.db2.jcc.t4.a.b(a.java:1671)
	at com.ibm.db2.jcc.t4.a.a(a.java:1691)
	at com.ibm.db2.jcc.t4.a.h(a.java:490)
	at com.ibm.db2.jcc.t4.a.flush_(a.java:415)
	at com.ibm.db2.jcc.am.Agent.flow(Agent.java:265)
	at com.ibm.db2.jcc.am.k4.a(k4.java:4567)
	at com.ibm.db2.jcc.am.k4.b(k4.java:4182)
	at com.ibm.db2.jcc.am.k4.bd(k4.java:780)
	at com.ibm.db2.jcc.am.k4.executeQuery(k4.java:745)
	at org.apache.commons.dbcp.DelegatingPreparedStatement.executeQuery(DelegatingPreparedStatement.java:96)
	at org.apache.commons.dbcp.DelegatingPreparedStatement.executeQuery(DelegatingPreparedStatement.java:96)
	at org.apache.commons.dbcp.DelegatingPreparedStatement.executeQuery(DelegatingPreparedStatement.java:96)
	at org.hibernate.jdbc.AbstractBatcher.getResultSet(AbstractBatcher.java:208)
	at org.hibernate.loader.Loader.getResultSet(Loader.java:1869)
	at org.hibernate.loader.Loader.doQuery(Loader.java:718)
	at org.hibernate.loader.Loader.doQueryAndInitializeNonLazyCollections(Loader.java:270)
	at org.hibernate.loader.Loader.doList(Loader.java:2449)
	... 56 more
Caused by: java.net.SocketException: Broken pipe (Write failed)
	at java.base/java.net.SocketOutputStream.socketWrite0(Native Method)
	at java.base/java.net.SocketOutputStream.socketWrite(SocketOutputStream.java:110)
	at java.base/java.net.SocketOutputStream.write(SocketOutputStream.java:150)
	at com.ibm.db2.jcc.t4.ae.b(ae.java:2060)
	at com.ibm.db2.jcc.t4.ae.a(ae.java:2008)
	at com.ibm.db2.jcc.t4.a.h(a.java:483)
	... 70 more
10 ago 2023 10:02:54,861  ERROR [http-nio-8080-exec-10]  (com.webratio.units.content.rtx.db.IndexUnitService:73) - [D48976DD8BF82D1F38CB8830B24738FF][page1][inu1]Could not commit the Hibernate session [inu1]
 org.hibernate.exception.GenericJDBCException: Cannot release connection
	at org.hibernate.exception.SQLStateConverter.handledNonSpecificException(SQLStateConverter.java:140)
	at org.hibernate.exception.SQLStateConverter.convert(SQLStateConverter.java:128)
	at org.hibernate.exception.JDBCExceptionHelper.convert(JDBCExceptionHelper.java:66)
	at org.hibernate.exception.JDBCExceptionHelper.convert(JDBCExceptionHelper.java:52)
	at org.hibernate.jdbc.ConnectionManager.closeConnection(ConnectionManager.java:478)
	at org.hibernate.jdbc.ConnectionManager.aggressiveRelease(ConnectionManager.java:429)
	at org.hibernate.jdbc.ConnectionManager.afterTransaction(ConnectionManager.java:316)
	at org.hibernate.jdbc.JDBCContext.afterTransactionCompletion(JDBCContext.java:248)
	at org.hibernate.transaction.JDBCTransaction.commit(JDBCTransaction.java:158)
	at com.webratio.rtx.db.AbstractDBService.commitAndClose(AbstractDBService.java:124)
	at com.webratio.units.content.rtx.db.IndexUnitService.createUnitBean(IndexUnitService.java:139)
	at com.webratio.units.content.rtx.db.IndexUnitService.getUnitBean(IndexUnitService.java:95)
	at com.webratio.units.content.rtx.db.IndexUnitService.execute(IndexUnitService.java:71)
	at com.webratio.rtx.core.DefaultPageService.computeDataStructures(DefaultPageService.java:857)
	at com.webratio.rtx.core.DefaultPageService.computePage(DefaultPageService.java:403)
	at com.webratio.struts.actions.PageAction.doExecute(PageAction.java:476)
	at com.webratio.struts.actions.PageAction.execute(PageAction.java:77)
	at org.apache.struts.chain.commands.servlet.ExecuteAction.execute(ExecuteAction.java:58)
	at org.apache.struts.chain.commands.AbstractExecuteAction.execute(AbstractExecuteAction.java:67)
	at org.apache.struts.chain.commands.ActionCommandBase.execute(ActionCommandBase.java:51)
	at org.apache.commons.chain.impl.ChainBase.execute(ChainBase.java:190)
	at org.apache.commons.chain.generic.LookupCommand.execute(LookupCommand.java:304)
	at org.apache.commons.chain.impl.ChainBase.execute(ChainBase.java:190)
	at org.apache.struts.chain.ComposableRequestProcessor.process(ComposableRequestProcessor.java:283)
	at org.apache.struts.action.ActionServlet.process(ActionServlet.java:1913)
	at com.webratio.struts.servlets.WRActionServlet.process(WRActionServlet.java:155)
	at com.webratio.struts.servlets.WRActionServlet.doGet(WRActionServlet.java:109)
	at javax.servlet.http.HttpServlet.service(HttpServlet.java:634)
	at javax.servlet.http.HttpServlet.service(HttpServlet.java:741)
	at org.apache.catalina.core.ApplicationFilterChain.internalDoFilter(ApplicationFilterChain.java:231)
	at org.apache.catalina.core.ApplicationFilterChain.doFilter(ApplicationFilterChain.java:166)
	at org.apache.tomcat.websocket.server.WsFilter.doFilter(WsFilter.java:53)
	at org.apache.catalina.core.ApplicationFilterChain.internalDoFilter(ApplicationFilterChain.java:193)
	at org.apache.catalina.core.ApplicationFilterChain.doFilter(ApplicationFilterChain.java:166)
	at com.webratio.struts.filters.StaticResourceFilter.doFilter(StaticResourceFilter.java:78)
	at org.apache.catalina.core.ApplicationFilterChain.internalDoFilter(ApplicationFilterChain.java:193)
	at org.apache.catalina.core.ApplicationFilterChain.doFilter(ApplicationFilterChain.java:166)
	at com.webratio.struts.filters.SecurityFilter.doFilter(SecurityFilter.java:57)
	at org.apache.catalina.core.ApplicationFilterChain.internalDoFilter(ApplicationFilterChain.java:193)
	at org.apache.catalina.core.ApplicationFilterChain.doFilter(ApplicationFilterChain.java:166)
	at org.apache.catalina.core.StandardWrapperValve.invoke(StandardWrapperValve.java:202)
	at org.apache.catalina.core.StandardContextValve.invoke(StandardContextValve.java:96)
	at org.apache.catalina.authenticator.AuthenticatorBase.invoke(AuthenticatorBase.java:490)
	at org.apache.catalina.core.StandardHostValve.invoke(StandardHostValve.java:139)
	at org.apache.catalina.valves.ErrorReportValve.invoke(ErrorReportValve.java:92)
	at org.apache.catalina.valves.AbstractAccessLogValve.invoke(AbstractAccessLogValve.java:678)
	at org.apache.catalina.core.StandardEngineValve.invoke(StandardEngineValve.java:74)
	at org.apache.catalina.connector.CoyoteAdapter.service(CoyoteAdapter.java:343)
	at org.apache.coyote.http11.Http11Processor.service(Http11Processor.java:408)
	at org.apache.coyote.AbstractProcessorLight.process(AbstractProcessorLight.java:66)
	at org.apache.coyote.AbstractProtocol$ConnectionHandler.process(AbstractProtocol.java:853)
	at org.apache.tomcat.util.net.NioEndpoint$SocketProcessor.doRun(NioEndpoint.java:1587)
	at org.apache.tomcat.util.net.SocketProcessorBase.run(SocketProcessorBase.java:49)
	at java.base/java.util.concurrent.ThreadPoolExecutor.runWorker(ThreadPoolExecutor.java:1128)
	at java.base/java.util.concurrent.ThreadPoolExecutor$Worker.run(ThreadPoolExecutor.java:628)
	at org.apache.tomcat.util.threads.TaskThread$WrappingRunnable.run(TaskThread.java:61)
	at java.base/java.lang.Thread.run(Thread.java:829)
Caused by: java.sql.SQLException: Already closed.
	at org.apache.commons.dbcp.PoolableConnection.close(PoolableConnection.java:114)
	at org.apache.commons.dbcp.PoolingDataSource$PoolGuardConnectionWrapper.close(PoolingDataSource.java:191)
	at com.webratio.rtx.hibernate.SafeDelegatingConnection.close(SafeDelegatingConnection.java:38)
	at com.webratio.rtx.hibernate.DBCPConnectionProvider.closeConnection(DBCPConnectionProvider.java:232)
	at org.hibernate.jdbc.ConnectionManager.closeConnection(ConnectionManager.java:474)
	... 52 more
10 ago 2023 15:45:31,926  ERROR [http-nio-8080-exec-8]  (com.webratio.units.content.rtx.db.IndexUnitService:73) - [AAB7F1CF492EEAB798D5BE14F23D41BD][page1][inu1]Could not execute service
 org.hibernate.exception.JDBCConnectionException: could not execute query
	at org.hibernate.exception.SQLStateConverter.convert(SQLStateConverter.java:99)
	at org.hibernate.exception.JDBCExceptionHelper.convert(JDBCExceptionHelper.java:66)
	at org.hibernate.loader.Loader.doList(Loader.java:2452)
	at org.hibernate.loader.Loader.listIgnoreQueryCache(Loader.java:2192)
	at org.hibernate.loader.Loader.list(Loader.java:2187)
	at org.hibernate.loader.hql.QueryLoader.list(QueryLoader.java:452)
	at org.hibernate.hql.ast.QueryTranslatorImpl.list(QueryTranslatorImpl.java:363)
	at org.hibernate.engine.query.HQLQueryPlan.performList(HQLQueryPlan.java:196)
	at org.hibernate.impl.SessionImpl.list(SessionImpl.java:1258)
	at org.hibernate.impl.QueryImpl.list(QueryImpl.java:102)
	at com.webratio.rtx.db.QueryHelper.list(QueryHelper.java:529)
	at com.webratio.rtx.db.DataProvider.list(DataProvider.java:395)
	at com.webratio.units.content.rtx.db.IndexUnitService.createUnitBean(IndexUnitService.java:127)
	at com.webratio.units.content.rtx.db.IndexUnitService.getUnitBean(IndexUnitService.java:95)
	at com.webratio.units.content.rtx.db.IndexUnitService.execute(IndexUnitService.java:71)
	at com.webratio.rtx.core.DefaultPageService.computeDataStructures(DefaultPageService.java:857)
	at com.webratio.rtx.core.DefaultPageService.computePage(DefaultPageService.java:403)
	at com.webratio.struts.actions.PageAction.doExecute(PageAction.java:476)
	at com.webratio.struts.actions.PageAction.execute(PageAction.java:77)
	at org.apache.struts.chain.commands.servlet.ExecuteAction.execute(ExecuteAction.java:58)
	at org.apache.struts.chain.commands.AbstractExecuteAction.execute(AbstractExecuteAction.java:67)
	at org.apache.struts.chain.commands.ActionCommandBase.execute(ActionCommandBase.java:51)
	at org.apache.commons.chain.impl.ChainBase.execute(ChainBase.java:190)
	at org.apache.commons.chain.generic.LookupCommand.execute(LookupCommand.java:304)
	at org.apache.commons.chain.impl.ChainBase.execute(ChainBase.java:190)
	at org.apache.struts.chain.ComposableRequestProcessor.process(ComposableRequestProcessor.java:283)
	at org.apache.struts.action.ActionServlet.process(ActionServlet.java:1913)
	at com.webratio.struts.servlets.WRActionServlet.process(WRActionServlet.java:155)
	at com.webratio.struts.servlets.WRActionServlet.doGet(WRActionServlet.java:109)
	at javax.servlet.http.HttpServlet.service(HttpServlet.java:634)
	at javax.servlet.http.HttpServlet.service(HttpServlet.java:741)
	at org.apache.catalina.core.ApplicationFilterChain.internalDoFilter(ApplicationFilterChain.java:231)
	at org.apache.catalina.core.ApplicationFilterChain.doFilter(ApplicationFilterChain.java:166)
	at org.apache.tomcat.websocket.server.WsFilter.doFilter(WsFilter.java:53)
	at org.apache.catalina.core.ApplicationFilterChain.internalDoFilter(ApplicationFilterChain.java:193)
	at org.apache.catalina.core.ApplicationFilterChain.doFilter(ApplicationFilterChain.java:166)
	at com.webratio.struts.filters.StaticResourceFilter.doFilter(StaticResourceFilter.java:78)
	at org.apache.catalina.core.ApplicationFilterChain.internalDoFilter(ApplicationFilterChain.java:193)
	at org.apache.catalina.core.ApplicationFilterChain.doFilter(ApplicationFilterChain.java:166)
	at com.webratio.struts.filters.SecurityFilter.doFilter(SecurityFilter.java:57)
	at org.apache.catalina.core.ApplicationFilterChain.internalDoFilter(ApplicationFilterChain.java:193)
	at org.apache.catalina.core.ApplicationFilterChain.doFilter(ApplicationFilterChain.java:166)
	at org.apache.catalina.core.StandardWrapperValve.invoke(StandardWrapperValve.java:202)
	at org.apache.catalina.core.StandardContextValve.invoke(StandardContextValve.java:96)
	at org.apache.catalina.authenticator.AuthenticatorBase.invoke(AuthenticatorBase.java:490)
	at org.apache.catalina.core.StandardHostValve.invoke(StandardHostValve.java:139)
	at org.apache.catalina.valves.ErrorReportValve.invoke(ErrorReportValve.java:92)
	at org.apache.catalina.valves.AbstractAccessLogValve.invoke(AbstractAccessLogValve.java:678)
	at org.apache.catalina.core.StandardEngineValve.invoke(StandardEngineValve.java:74)
	at org.apache.catalina.connector.CoyoteAdapter.service(CoyoteAdapter.java:343)
	at org.apache.coyote.http11.Http11Processor.service(Http11Processor.java:408)
	at org.apache.coyote.AbstractProcessorLight.process(AbstractProcessorLight.java:66)
	at org.apache.coyote.AbstractProtocol$ConnectionHandler.process(AbstractProtocol.java:853)
	at org.apache.tomcat.util.net.NioEndpoint$SocketProcessor.doRun(NioEndpoint.java:1587)
	at org.apache.tomcat.util.net.SocketProcessorBase.run(SocketProcessorBase.java:49)
	at java.base/java.util.concurrent.ThreadPoolExecutor.runWorker(ThreadPoolExecutor.java:1128)
	at java.base/java.util.concurrent.ThreadPoolExecutor$Worker.run(ThreadPoolExecutor.java:628)
	at org.apache.tomcat.util.threads.TaskThread$WrappingRunnable.run(TaskThread.java:61)
	at java.base/java.lang.Thread.run(Thread.java:829)
Caused by: com.ibm.db2.jcc.am.DisconnectNonTransientConnectionException: [jcc][t4][2030][11211][4.25.13] Di è verificato un errore di comunicazione durante le operazioni sul socket sottostante della connessione, flusso di input del socket 
o flusso di output del socket.  Posizione errore: Reply.fill() - socketInputStream.read (-1).  Messaggio: Operation timed out (Read failed). ERRORCODE=-4499, SQLSTATE=08001
	at com.ibm.db2.jcc.am.b6.a(b6.java:338)
	at com.ibm.db2.jcc.t4.a.a(a.java:572)
	at com.ibm.db2.jcc.t4.a.a(a.java:556)
	at com.ibm.db2.jcc.t4.a.a(a.java:551)
	at com.ibm.db2.jcc.t4.a.b(a.java:1671)
	at com.ibm.db2.jcc.t4.a.a(a.java:1691)
	at com.ibm.db2.jcc.t4.y.b(y.java:271)
	at com.ibm.db2.jcc.t4.y.c(y.java:337)
	at com.ibm.db2.jcc.t4.y.c(y.java:450)
	at com.ibm.db2.jcc.t4.y.v(y.java:1219)
	at com.ibm.db2.jcc.t4.ab.b(ab.java:95)
	at com.ibm.db2.jcc.t4.p.a(p.java:32)
	at com.ibm.db2.jcc.t4.av.i(av.java:150)
	at com.ibm.db2.jcc.am.k3.al(k3.java:2203)
	at com.ibm.db2.jcc.am.k4.bq(k4.java:3730)
	at com.ibm.db2.jcc.am.k4.a(k4.java:4609)
	at com.ibm.db2.jcc.am.k4.b(k4.java:4182)
	at com.ibm.db2.jcc.am.k4.bd(k4.java:780)
	at com.ibm.db2.jcc.am.k4.executeQuery(k4.java:745)
	at org.apache.commons.dbcp.DelegatingPreparedStatement.executeQuery(DelegatingPreparedStatement.java:96)
	at org.apache.commons.dbcp.DelegatingPreparedStatement.executeQuery(DelegatingPreparedStatement.java:96)
	at org.apache.commons.dbcp.DelegatingPreparedStatement.executeQuery(DelegatingPreparedStatement.java:96)
	at org.hibernate.jdbc.AbstractBatcher.getResultSet(AbstractBatcher.java:208)
	at org.hibernate.loader.Loader.getResultSet(Loader.java:1869)
	at org.hibernate.loader.Loader.doQuery(Loader.java:718)
	at org.hibernate.loader.Loader.doQueryAndInitializeNonLazyCollections(Loader.java:270)
	at org.hibernate.loader.Loader.doList(Loader.java:2449)
	... 56 more
Caused by: java.net.SocketException: Operation timed out (Read failed)
	at java.base/java.net.SocketInputStream.socketRead0(Native Method)
	at java.base/java.net.SocketInputStream.socketRead(SocketInputStream.java:115)
	at java.base/java.net.SocketInputStream.read(SocketInputStream.java:168)
	at java.base/java.net.SocketInputStream.read(SocketInputStream.java:140)
	at com.ibm.db2.jcc.t4.y.b(y.java:225)
	... 76 more
10 ago 2023 15:45:31,931  ERROR [http-nio-8080-exec-8]  (com.webratio.units.content.rtx.db.IndexUnitService:73) - [AAB7F1CF492EEAB798D5BE14F23D41BD][page1][inu1]Could not commit the Hibernate session [inu1]
 org.hibernate.exception.GenericJDBCException: Cannot release connection
	at org.hibernate.exception.SQLStateConverter.handledNonSpecificException(SQLStateConverter.java:140)
	at org.hibernate.exception.SQLStateConverter.convert(SQLStateConverter.java:128)
	at org.hibernate.exception.JDBCExceptionHelper.convert(JDBCExceptionHelper.java:66)
	at org.hibernate.exception.JDBCExceptionHelper.convert(JDBCExceptionHelper.java:52)
	at org.hibernate.jdbc.ConnectionManager.closeConnection(ConnectionManager.java:478)
	at org.hibernate.jdbc.ConnectionManager.aggressiveRelease(ConnectionManager.java:429)
	at org.hibernate.jdbc.ConnectionManager.afterTransaction(ConnectionManager.java:316)
	at org.hibernate.jdbc.JDBCContext.afterTransactionCompletion(JDBCContext.java:248)
	at org.hibernate.transaction.JDBCTransaction.commit(JDBCTransaction.java:158)
	at com.webratio.rtx.db.AbstractDBService.commitAndClose(AbstractDBService.java:124)
	at com.webratio.units.content.rtx.db.IndexUnitService.createUnitBean(IndexUnitService.java:139)
	at com.webratio.units.content.rtx.db.IndexUnitService.getUnitBean(IndexUnitService.java:95)
	at com.webratio.units.content.rtx.db.IndexUnitService.execute(IndexUnitService.java:71)
	at com.webratio.rtx.core.DefaultPageService.computeDataStructures(DefaultPageService.java:857)
	at com.webratio.rtx.core.DefaultPageService.computePage(DefaultPageService.java:403)
	at com.webratio.struts.actions.PageAction.doExecute(PageAction.java:476)
	at com.webratio.struts.actions.PageAction.execute(PageAction.java:77)
	at org.apache.struts.chain.commands.servlet.ExecuteAction.execute(ExecuteAction.java:58)
	at org.apache.struts.chain.commands.AbstractExecuteAction.execute(AbstractExecuteAction.java:67)
	at org.apache.struts.chain.commands.ActionCommandBase.execute(ActionCommandBase.java:51)
	at org.apache.commons.chain.impl.ChainBase.execute(ChainBase.java:190)
	at org.apache.commons.chain.generic.LookupCommand.execute(LookupCommand.java:304)
	at org.apache.commons.chain.impl.ChainBase.execute(ChainBase.java:190)
	at org.apache.struts.chain.ComposableRequestProcessor.process(ComposableRequestProcessor.java:283)
	at org.apache.struts.action.ActionServlet.process(ActionServlet.java:1913)
	at com.webratio.struts.servlets.WRActionServlet.process(WRActionServlet.java:155)
	at com.webratio.struts.servlets.WRActionServlet.doGet(WRActionServlet.java:109)
	at javax.servlet.http.HttpServlet.service(HttpServlet.java:634)
	at javax.servlet.http.HttpServlet.service(HttpServlet.java:741)
	at org.apache.catalina.core.ApplicationFilterChain.internalDoFilter(ApplicationFilterChain.java:231)
	at org.apache.catalina.core.ApplicationFilterChain.doFilter(ApplicationFilterChain.java:166)
	at org.apache.tomcat.websocket.server.WsFilter.doFilter(WsFilter.java:53)
	at org.apache.catalina.core.ApplicationFilterChain.internalDoFilter(ApplicationFilterChain.java:193)
	at org.apache.catalina.core.ApplicationFilterChain.doFilter(ApplicationFilterChain.java:166)
	at com.webratio.struts.filters.StaticResourceFilter.doFilter(StaticResourceFilter.java:78)
	at org.apache.catalina.core.ApplicationFilterChain.internalDoFilter(ApplicationFilterChain.java:193)
	at org.apache.catalina.core.ApplicationFilterChain.doFilter(ApplicationFilterChain.java:166)
	at com.webratio.struts.filters.SecurityFilter.doFilter(SecurityFilter.java:57)
	at org.apache.catalina.core.ApplicationFilterChain.internalDoFilter(ApplicationFilterChain.java:193)
	at org.apache.catalina.core.ApplicationFilterChain.doFilter(ApplicationFilterChain.java:166)
	at org.apache.catalina.core.StandardWrapperValve.invoke(StandardWrapperValve.java:202)
	at org.apache.catalina.core.StandardContextValve.invoke(StandardContextValve.java:96)
	at org.apache.catalina.authenticator.AuthenticatorBase.invoke(AuthenticatorBase.java:490)
	at org.apache.catalina.core.StandardHostValve.invoke(StandardHostValve.java:139)
	at org.apache.catalina.valves.ErrorReportValve.invoke(ErrorReportValve.java:92)
	at org.apache.catalina.valves.AbstractAccessLogValve.invoke(AbstractAccessLogValve.java:678)
	at org.apache.catalina.core.StandardEngineValve.invoke(StandardEngineValve.java:74)
	at org.apache.catalina.connector.CoyoteAdapter.service(CoyoteAdapter.java:343)
	at org.apache.coyote.http11.Http11Processor.service(Http11Processor.java:408)
	at org.apache.coyote.AbstractProcessorLight.process(AbstractProcessorLight.java:66)
	at org.apache.coyote.AbstractProtocol$ConnectionHandler.process(AbstractProtocol.java:853)
	at org.apache.tomcat.util.net.NioEndpoint$SocketProcessor.doRun(NioEndpoint.java:1587)
	at org.apache.tomcat.util.net.SocketProcessorBase.run(SocketProcessorBase.java:49)
	at java.base/java.util.concurrent.ThreadPoolExecutor.runWorker(ThreadPoolExecutor.java:1128)
	at java.base/java.util.concurrent.ThreadPoolExecutor$Worker.run(ThreadPoolExecutor.java:628)
	at org.apache.tomcat.util.threads.TaskThread$WrappingRunnable.run(TaskThread.java:61)
	at java.base/java.lang.Thread.run(Thread.java:829)
Caused by: java.sql.SQLException: Already closed.
	at org.apache.commons.dbcp.PoolableConnection.close(PoolableConnection.java:114)
	at org.apache.commons.dbcp.PoolingDataSource$PoolGuardConnectionWrapper.close(PoolingDataSource.java:191)
	at com.webratio.rtx.hibernate.SafeDelegatingConnection.close(SafeDelegatingConnection.java:38)
	at com.webratio.rtx.hibernate.DBCPConnectionProvider.closeConnection(DBCPConnectionProvider.java:232)
	at org.hibernate.jdbc.ConnectionManager.closeConnection(ConnectionManager.java:474)
	... 52 more
