07 ago 2023 18:14:48,932  INFO [http-nio-8080-exec-1]  (com.webratio.struts.actions.AbstractWRAction:53) - [527ECD84ABCFC5E3F220F14EAD1A2AE5][page1]Page action execution [id=page1] done in 3022 ms
07 ago 2023 18:14:53,111  INFO [http-nio-8080-exec-2]  (com.webratio.struts.actions.AbstractWRAction:53) - [527ECD84ABCFC5E3F220F14EAD1A2AE5][page2]Page action execution [id=page2] done in 77 ms
07 ago 2023 18:15:40,404  INFO [http-nio-8080-exec-4]  (com.webratio.struts.actions.AbstractWRAction:53) - [527ECD84ABCFC5E3F220F14EAD1A2AE5][page1]Page action execution [id=page1] done in 273 ms
07 ago 2023 20:54:21,825  INFO [http-nio-8080-exec-9]  (com.webratio.struts.actions.AbstractWRAction:53) - [68C72CB35EF0B69FFCF52C795D3C2574][page1]Page action execution [id=page1] done in 50808 ms
07 ago 2023 20:54:21,830  ERROR [http-nio-8080-exec-9]  (com.webratio.struts.exceptions.GenericExceptionHandler:73) - An error occurred executing action for 'page1'
com.webratio.rtx.RTXException: [inu1] org.hibernate.exception.GenericJDBCException: Cannot release connection
	at com.webratio.rtx.db.AbstractDBService.commitAndClose(AbstractDBService.java:128)
	at com.webratio.units.content.rtx.db.IndexUnitService.createUnitBean(IndexUnitService.java:139)
	at com.webratio.units.content.rtx.db.IndexUnitService.getUnitBean(IndexUnitService.java:95)
	at com.webratio.units.content.rtx.db.IndexUnitService.execute(IndexUnitService.java:71)
	at com.webratio.rtx.core.DefaultPageService.computeDataStructures(DefaultPageService.java:857)
	at com.webratio.rtx.core.DefaultPageService.computePage(DefaultPageService.java:403)
	at com.webratio.struts.actions.PageAction.doExecute(PageAction.java:476)
	at com.webratio.struts.actions.PageAction.execute(PageAction.java:77)
	at org.apache.struts.chain.commands.servlet.ExecuteAction.execute(ExecuteAction.java:58)
	at org.apache.struts.chain.commands.AbstractExecuteAction.execute(AbstractExecuteAction.java:67)
	at org.apache.struts.chain.commands.ActionCommandBase.execute(ActionCommandBase.java:51)
	at org.apache.commons.chain.impl.ChainBase.execute(ChainBase.java:190)
	at org.apache.commons.chain.generic.LookupCommand.execute(LookupCommand.java:304)
	at org.apache.commons.chain.impl.ChainBase.execute(ChainBase.java:190)
	at org.apache.struts.chain.ComposableRequestProcessor.process(ComposableRequestProcessor.java:283)
	at org.apache.struts.action.ActionServlet.process(ActionServlet.java:1913)
	at com.webratio.struts.servlets.WRActionServlet.process(WRActionServlet.java:155)
	at com.webratio.struts.servlets.WRActionServlet.doGet(WRActionServlet.java:109)
	at javax.servlet.http.HttpServlet.service(HttpServlet.java:634)
	at javax.servlet.http.HttpServlet.service(HttpServlet.java:741)
	at org.apache.catalina.core.ApplicationFilterChain.internalDoFilter(ApplicationFilterChain.java:231)
	at org.apache.catalina.core.ApplicationFilterChain.doFilter(ApplicationFilterChain.java:166)
	at org.apache.tomcat.websocket.server.WsFilter.doFilter(WsFilter.java:53)
	at org.apache.catalina.core.ApplicationFilterChain.internalDoFilter(ApplicationFilterChain.java:193)
	at org.apache.catalina.core.ApplicationFilterChain.doFilter(ApplicationFilterChain.java:166)
	at com.webratio.struts.filters.StaticResourceFilter.doFilter(StaticResourceFilter.java:78)
	at org.apache.catalina.core.ApplicationFilterChain.internalDoFilter(ApplicationFilterChain.java:193)
	at org.apache.catalina.core.ApplicationFilterChain.doFilter(ApplicationFilterChain.java:166)
	at com.webratio.struts.filters.SecurityFilter.doFilter(SecurityFilter.java:57)
	at org.apache.catalina.core.ApplicationFilterChain.internalDoFilter(ApplicationFilterChain.java:193)
	at org.apache.catalina.core.ApplicationFilterChain.doFilter(ApplicationFilterChain.java:166)
	at org.apache.catalina.core.StandardWrapperValve.invoke(StandardWrapperValve.java:202)
	at org.apache.catalina.core.StandardContextValve.invoke(StandardContextValve.java:96)
	at org.apache.catalina.authenticator.AuthenticatorBase.invoke(AuthenticatorBase.java:490)
	at org.apache.catalina.core.StandardHostValve.invoke(StandardHostValve.java:139)
	at org.apache.catalina.valves.ErrorReportValve.invoke(ErrorReportValve.java:92)
	at org.apache.catalina.valves.AbstractAccessLogValve.invoke(AbstractAccessLogValve.java:678)
	at org.apache.catalina.core.StandardEngineValve.invoke(StandardEngineValve.java:74)
	at org.apache.catalina.connector.CoyoteAdapter.service(CoyoteAdapter.java:343)
	at org.apache.coyote.http11.Http11Processor.service(Http11Processor.java:408)
	at org.apache.coyote.AbstractProcessorLight.process(AbstractProcessorLight.java:66)
	at org.apache.coyote.AbstractProtocol$ConnectionHandler.process(AbstractProtocol.java:853)
	at org.apache.tomcat.util.net.NioEndpoint$SocketProcessor.doRun(NioEndpoint.java:1587)
	at org.apache.tomcat.util.net.SocketProcessorBase.run(SocketProcessorBase.java:49)
	at java.base/java.util.concurrent.ThreadPoolExecutor.runWorker(ThreadPoolExecutor.java:1128)
	at java.base/java.util.concurrent.ThreadPoolExecutor$Worker.run(ThreadPoolExecutor.java:628)
	at org.apache.tomcat.util.threads.TaskThread$WrappingRunnable.run(TaskThread.java:61)
	at java.base/java.lang.Thread.run(Thread.java:829)
Caused by: org.hibernate.exception.GenericJDBCException: Cannot release connection
	at org.hibernate.exception.SQLStateConverter.handledNonSpecificException(SQLStateConverter.java:140)
	at org.hibernate.exception.SQLStateConverter.convert(SQLStateConverter.java:128)
	at org.hibernate.exception.JDBCExceptionHelper.convert(JDBCExceptionHelper.java:66)
	at org.hibernate.exception.JDBCExceptionHelper.convert(JDBCExceptionHelper.java:52)
	at org.hibernate.jdbc.ConnectionManager.closeConnection(ConnectionManager.java:478)
	at org.hibernate.jdbc.ConnectionManager.aggressiveRelease(ConnectionManager.java:429)
	at org.hibernate.jdbc.ConnectionManager.afterTransaction(ConnectionManager.java:316)
	at org.hibernate.jdbc.JDBCContext.afterTransactionCompletion(JDBCContext.java:248)
	at org.hibernate.transaction.JDBCTransaction.commit(JDBCTransaction.java:158)
	at com.webratio.rtx.db.AbstractDBService.commitAndClose(AbstractDBService.java:124)
	... 47 more
Caused by: java.sql.SQLException: Already closed.
	at org.apache.commons.dbcp.PoolableConnection.close(PoolableConnection.java:114)
	at org.apache.commons.dbcp.PoolingDataSource$PoolGuardConnectionWrapper.close(PoolingDataSource.java:191)
	at com.webratio.rtx.hibernate.SafeDelegatingConnection.close(SafeDelegatingConnection.java:38)
	at com.webratio.rtx.hibernate.DBCPConnectionProvider.closeConnection(DBCPConnectionProvider.java:232)
	at org.hibernate.jdbc.ConnectionManager.closeConnection(ConnectionManager.java:474)
	... 52 more
07 ago 2023 20:54:27,531  INFO [http-nio-8080-exec-4]  (com.webratio.struts.actions.AbstractWRAction:53) - [6E0E42A8EB8C3C237341A6097BDD3DDF][page1]Page action execution [id=page1] done in 178 ms
07 ago 2023 20:54:31,330  INFO [http-nio-8080-exec-8]  (com.webratio.struts.actions.AbstractWRAction:53) - [4F8BA798ABEAF42253A18FAD5587DC49][page1]Page action execution [id=page1] done in 67 ms
07 ago 2023 20:55:48,606  INFO [http-nio-8080-exec-10]  (com.webratio.struts.actions.AbstractWRAction:53) - [4F8BA798ABEAF42253A18FAD5587DC49][page2]Page action execution [id=page2] done in 74 ms
07 ago 2023 20:55:53,609  INFO [http-nio-8080-exec-1]  (com.webratio.struts.actions.AbstractWRAction:53) - [4F8BA798ABEAF42253A18FAD5587DC49][page1]Page action execution [id=page1] done in 110 ms
09 ago 2023 22:13:44,422  INFO [http-nio-8080-exec-2]  (com.webratio.struts.actions.AbstractWRAction:53) - [7E1447E3BBC31B07DE8C39271E2B3F4C][page1]Page action execution [id=page1] done in 124 ms
09 ago 2023 22:13:44,424  ERROR [http-nio-8080-exec-2]  (com.webratio.struts.exceptions.GenericExceptionHandler:73) - An error occurred executing action for 'page1'
com.webratio.rtx.RTXException: [inu1] org.hibernate.exception.GenericJDBCException: Cannot release connection
	at com.webratio.rtx.db.AbstractDBService.commitAndClose(AbstractDBService.java:128)
	at com.webratio.units.content.rtx.db.IndexUnitService.createUnitBean(IndexUnitService.java:139)
	at com.webratio.units.content.rtx.db.IndexUnitService.getUnitBean(IndexUnitService.java:95)
	at com.webratio.units.content.rtx.db.IndexUnitService.execute(IndexUnitService.java:71)
	at com.webratio.rtx.core.DefaultPageService.computeDataStructures(DefaultPageService.java:857)
	at com.webratio.rtx.core.DefaultPageService.computePage(DefaultPageService.java:403)
	at com.webratio.struts.actions.PageAction.doExecute(PageAction.java:476)
	at com.webratio.struts.actions.PageAction.execute(PageAction.java:77)
	at org.apache.struts.chain.commands.servlet.ExecuteAction.execute(ExecuteAction.java:58)
	at org.apache.struts.chain.commands.AbstractExecuteAction.execute(AbstractExecuteAction.java:67)
	at org.apache.struts.chain.commands.ActionCommandBase.execute(ActionCommandBase.java:51)
	at org.apache.commons.chain.impl.ChainBase.execute(ChainBase.java:190)
	at org.apache.commons.chain.generic.LookupCommand.execute(LookupCommand.java:304)
	at org.apache.commons.chain.impl.ChainBase.execute(ChainBase.java:190)
	at org.apache.struts.chain.ComposableRequestProcessor.process(ComposableRequestProcessor.java:283)
	at org.apache.struts.action.ActionServlet.process(ActionServlet.java:1913)
	at com.webratio.struts.servlets.WRActionServlet.process(WRActionServlet.java:155)
	at com.webratio.struts.servlets.WRActionServlet.doGet(WRActionServlet.java:109)
	at javax.servlet.http.HttpServlet.service(HttpServlet.java:634)
	at javax.servlet.http.HttpServlet.service(HttpServlet.java:741)
	at org.apache.catalina.core.ApplicationFilterChain.internalDoFilter(ApplicationFilterChain.java:231)
	at org.apache.catalina.core.ApplicationFilterChain.doFilter(ApplicationFilterChain.java:166)
	at org.apache.tomcat.websocket.server.WsFilter.doFilter(WsFilter.java:53)
	at org.apache.catalina.core.ApplicationFilterChain.internalDoFilter(ApplicationFilterChain.java:193)
	at org.apache.catalina.core.ApplicationFilterChain.doFilter(ApplicationFilterChain.java:166)
	at com.webratio.struts.filters.StaticResourceFilter.doFilter(StaticResourceFilter.java:78)
	at org.apache.catalina.core.ApplicationFilterChain.internalDoFilter(ApplicationFilterChain.java:193)
	at org.apache.catalina.core.ApplicationFilterChain.doFilter(ApplicationFilterChain.java:166)
	at com.webratio.struts.filters.SecurityFilter.doFilter(SecurityFilter.java:57)
	at org.apache.catalina.core.ApplicationFilterChain.internalDoFilter(ApplicationFilterChain.java:193)
	at org.apache.catalina.core.ApplicationFilterChain.doFilter(ApplicationFilterChain.java:166)
	at org.apache.catalina.core.StandardWrapperValve.invoke(StandardWrapperValve.java:202)
	at org.apache.catalina.core.StandardContextValve.invoke(StandardContextValve.java:96)
	at org.apache.catalina.authenticator.AuthenticatorBase.invoke(AuthenticatorBase.java:490)
	at org.apache.catalina.core.StandardHostValve.invoke(StandardHostValve.java:139)
	at org.apache.catalina.valves.ErrorReportValve.invoke(ErrorReportValve.java:92)
	at org.apache.catalina.valves.AbstractAccessLogValve.invoke(AbstractAccessLogValve.java:678)
	at org.apache.catalina.core.StandardEngineValve.invoke(StandardEngineValve.java:74)
	at org.apache.catalina.connector.CoyoteAdapter.service(CoyoteAdapter.java:343)
	at org.apache.coyote.http11.Http11Processor.service(Http11Processor.java:408)
	at org.apache.coyote.AbstractProcessorLight.process(AbstractProcessorLight.java:66)
	at org.apache.coyote.AbstractProtocol$ConnectionHandler.process(AbstractProtocol.java:853)
	at org.apache.tomcat.util.net.NioEndpoint$SocketProcessor.doRun(NioEndpoint.java:1587)
	at org.apache.tomcat.util.net.SocketProcessorBase.run(SocketProcessorBase.java:49)
	at java.base/java.util.concurrent.ThreadPoolExecutor.runWorker(ThreadPoolExecutor.java:1128)
	at java.base/java.util.concurrent.ThreadPoolExecutor$Worker.run(ThreadPoolExecutor.java:628)
	at org.apache.tomcat.util.threads.TaskThread$WrappingRunnable.run(TaskThread.java:61)
	at java.base/java.lang.Thread.run(Thread.java:829)
Caused by: org.hibernate.exception.GenericJDBCException: Cannot release connection
	at org.hibernate.exception.SQLStateConverter.handledNonSpecificException(SQLStateConverter.java:140)
	at org.hibernate.exception.SQLStateConverter.convert(SQLStateConverter.java:128)
	at org.hibernate.exception.JDBCExceptionHelper.convert(JDBCExceptionHelper.java:66)
	at org.hibernate.exception.JDBCExceptionHelper.convert(JDBCExceptionHelper.java:52)
	at org.hibernate.jdbc.ConnectionManager.closeConnection(ConnectionManager.java:478)
	at org.hibernate.jdbc.ConnectionManager.aggressiveRelease(ConnectionManager.java:429)
	at org.hibernate.jdbc.ConnectionManager.afterTransaction(ConnectionManager.java:316)
	at org.hibernate.jdbc.JDBCContext.afterTransactionCompletion(JDBCContext.java:248)
	at org.hibernate.transaction.JDBCTransaction.commit(JDBCTransaction.java:158)
	at com.webratio.rtx.db.AbstractDBService.commitAndClose(AbstractDBService.java:124)
	... 47 more
Caused by: java.sql.SQLException: Already closed.
	at org.apache.commons.dbcp.PoolableConnection.close(PoolableConnection.java:114)
	at org.apache.commons.dbcp.PoolingDataSource$PoolGuardConnectionWrapper.close(PoolingDataSource.java:191)
	at com.webratio.rtx.hibernate.SafeDelegatingConnection.close(SafeDelegatingConnection.java:38)
	at com.webratio.rtx.hibernate.DBCPConnectionProvider.closeConnection(DBCPConnectionProvider.java:232)
	at org.hibernate.jdbc.ConnectionManager.closeConnection(ConnectionManager.java:474)
	... 52 more
09 ago 2023 22:13:50,154  INFO [http-nio-8080-exec-2]  (com.webratio.struts.actions.AbstractWRAction:53) - [7E1447E3BBC31B07DE8C39271E2B3F4C][page1]Page action execution [id=page1] done in 1053 ms
09 ago 2023 22:13:50,154  INFO [http-nio-8080-exec-1]  (com.webratio.struts.actions.AbstractWRAction:53) - [7E1447E3BBC31B07DE8C39271E2B3F4C][page1]Page action execution [id=page1] done in 1924 ms
09 ago 2023 22:14:16,515  INFO [http-nio-8080-exec-4]  (com.webratio.struts.actions.AbstractWRAction:53) - [7E1447E3BBC31B07DE8C39271E2B3F4C][page1]Page action execution [id=page1] done in 101 ms
09 ago 2023 22:14:17,584  INFO [http-nio-8080-exec-5]  (com.webratio.struts.actions.AbstractWRAction:53) - [7E1447E3BBC31B07DE8C39271E2B3F4C][page1]Page action execution [id=page1] done in 104 ms
10 ago 2023 10:02:53,825  INFO [http-nio-8080-exec-3]  (com.webratio.struts.actions.AbstractWRAction:53) - [F47BE505EE8852C9568696F089A4822C][page1]Page action execution [id=page1] done in 20 ms
10 ago 2023 10:02:53,826  ERROR [http-nio-8080-exec-3]  (com.webratio.struts.exceptions.GenericExceptionHandler:73) - An error occurred executing action for 'page1'
com.webratio.rtx.RTXException: [inu1] org.hibernate.exception.GenericJDBCException: Cannot release connection
	at com.webratio.rtx.db.AbstractDBService.commitAndClose(AbstractDBService.java:128)
	at com.webratio.units.content.rtx.db.IndexUnitService.createUnitBean(IndexUnitService.java:139)
	at com.webratio.units.content.rtx.db.IndexUnitService.getUnitBean(IndexUnitService.java:95)
	at com.webratio.units.content.rtx.db.IndexUnitService.execute(IndexUnitService.java:71)
	at com.webratio.rtx.core.DefaultPageService.computeDataStructures(DefaultPageService.java:857)
	at com.webratio.rtx.core.DefaultPageService.computePage(DefaultPageService.java:403)
	at com.webratio.struts.actions.PageAction.doExecute(PageAction.java:476)
	at com.webratio.struts.actions.PageAction.execute(PageAction.java:77)
	at org.apache.struts.chain.commands.servlet.ExecuteAction.execute(ExecuteAction.java:58)
	at org.apache.struts.chain.commands.AbstractExecuteAction.execute(AbstractExecuteAction.java:67)
	at org.apache.struts.chain.commands.ActionCommandBase.execute(ActionCommandBase.java:51)
	at org.apache.commons.chain.impl.ChainBase.execute(ChainBase.java:190)
	at org.apache.commons.chain.generic.LookupCommand.execute(LookupCommand.java:304)
	at org.apache.commons.chain.impl.ChainBase.execute(ChainBase.java:190)
	at org.apache.struts.chain.ComposableRequestProcessor.process(ComposableRequestProcessor.java:283)
	at org.apache.struts.action.ActionServlet.process(ActionServlet.java:1913)
	at com.webratio.struts.servlets.WRActionServlet.process(WRActionServlet.java:155)
	at com.webratio.struts.servlets.WRActionServlet.doGet(WRActionServlet.java:109)
	at javax.servlet.http.HttpServlet.service(HttpServlet.java:634)
	at javax.servlet.http.HttpServlet.service(HttpServlet.java:741)
	at org.apache.catalina.core.ApplicationFilterChain.internalDoFilter(ApplicationFilterChain.java:231)
	at org.apache.catalina.core.ApplicationFilterChain.doFilter(ApplicationFilterChain.java:166)
	at org.apache.tomcat.websocket.server.WsFilter.doFilter(WsFilter.java:53)
	at org.apache.catalina.core.ApplicationFilterChain.internalDoFilter(ApplicationFilterChain.java:193)
	at org.apache.catalina.core.ApplicationFilterChain.doFilter(ApplicationFilterChain.java:166)
	at com.webratio.struts.filters.StaticResourceFilter.doFilter(StaticResourceFilter.java:78)
	at org.apache.catalina.core.ApplicationFilterChain.internalDoFilter(ApplicationFilterChain.java:193)
	at org.apache.catalina.core.ApplicationFilterChain.doFilter(ApplicationFilterChain.java:166)
	at com.webratio.struts.filters.SecurityFilter.doFilter(SecurityFilter.java:57)
	at org.apache.catalina.core.ApplicationFilterChain.internalDoFilter(ApplicationFilterChain.java:193)
	at org.apache.catalina.core.ApplicationFilterChain.doFilter(ApplicationFilterChain.java:166)
	at org.apache.catalina.core.StandardWrapperValve.invoke(StandardWrapperValve.java:202)
	at org.apache.catalina.core.StandardContextValve.invoke(StandardContextValve.java:96)
	at org.apache.catalina.authenticator.AuthenticatorBase.invoke(AuthenticatorBase.java:490)
	at org.apache.catalina.core.StandardHostValve.invoke(StandardHostValve.java:139)
	at org.apache.catalina.valves.ErrorReportValve.invoke(ErrorReportValve.java:92)
	at org.apache.catalina.valves.AbstractAccessLogValve.invoke(AbstractAccessLogValve.java:678)
	at org.apache.catalina.core.StandardEngineValve.invoke(StandardEngineValve.java:74)
	at org.apache.catalina.connector.CoyoteAdapter.service(CoyoteAdapter.java:343)
	at org.apache.coyote.http11.Http11Processor.service(Http11Processor.java:408)
	at org.apache.coyote.AbstractProcessorLight.process(AbstractProcessorLight.java:66)
	at org.apache.coyote.AbstractProtocol$ConnectionHandler.process(AbstractProtocol.java:853)
	at org.apache.tomcat.util.net.NioEndpoint$SocketProcessor.doRun(NioEndpoint.java:1587)
	at org.apache.tomcat.util.net.SocketProcessorBase.run(SocketProcessorBase.java:49)
	at java.base/java.util.concurrent.ThreadPoolExecutor.runWorker(ThreadPoolExecutor.java:1128)
	at java.base/java.util.concurrent.ThreadPoolExecutor$Worker.run(ThreadPoolExecutor.java:628)
	at org.apache.tomcat.util.threads.TaskThread$WrappingRunnable.run(TaskThread.java:61)
	at java.base/java.lang.Thread.run(Thread.java:829)
Caused by: org.hibernate.exception.GenericJDBCException: Cannot release connection
	at org.hibernate.exception.SQLStateConverter.handledNonSpecificException(SQLStateConverter.java:140)
	at org.hibernate.exception.SQLStateConverter.convert(SQLStateConverter.java:128)
	at org.hibernate.exception.JDBCExceptionHelper.convert(JDBCExceptionHelper.java:66)
	at org.hibernate.exception.JDBCExceptionHelper.convert(JDBCExceptionHelper.java:52)
	at org.hibernate.jdbc.ConnectionManager.closeConnection(ConnectionManager.java:478)
	at org.hibernate.jdbc.ConnectionManager.aggressiveRelease(ConnectionManager.java:429)
	at org.hibernate.jdbc.ConnectionManager.afterTransaction(ConnectionManager.java:316)
	at org.hibernate.jdbc.JDBCContext.afterTransactionCompletion(JDBCContext.java:248)
	at org.hibernate.transaction.JDBCTransaction.commit(JDBCTransaction.java:158)
	at com.webratio.rtx.db.AbstractDBService.commitAndClose(AbstractDBService.java:124)
	... 47 more
Caused by: java.sql.SQLException: Already closed.
	at org.apache.commons.dbcp.PoolableConnection.close(PoolableConnection.java:114)
	at org.apache.commons.dbcp.PoolingDataSource$PoolGuardConnectionWrapper.close(PoolingDataSource.java:191)
	at com.webratio.rtx.hibernate.SafeDelegatingConnection.close(SafeDelegatingConnection.java:38)
	at com.webratio.rtx.hibernate.DBCPConnectionProvider.closeConnection(DBCPConnectionProvider.java:232)
	at org.hibernate.jdbc.ConnectionManager.closeConnection(ConnectionManager.java:474)
	... 52 more
10 ago 2023 10:02:54,863  INFO [http-nio-8080-exec-10]  (com.webratio.struts.actions.AbstractWRAction:53) - [D48976DD8BF82D1F38CB8830B24738FF][page1]Page action execution [id=page1] done in 9 ms
10 ago 2023 10:02:54,863  ERROR [http-nio-8080-exec-10]  (com.webratio.struts.exceptions.GenericExceptionHandler:73) - An error occurred executing action for 'page1'
com.webratio.rtx.RTXException: [inu1] org.hibernate.exception.GenericJDBCException: Cannot release connection
	at com.webratio.rtx.db.AbstractDBService.commitAndClose(AbstractDBService.java:128)
	at com.webratio.units.content.rtx.db.IndexUnitService.createUnitBean(IndexUnitService.java:139)
	at com.webratio.units.content.rtx.db.IndexUnitService.getUnitBean(IndexUnitService.java:95)
	at com.webratio.units.content.rtx.db.IndexUnitService.execute(IndexUnitService.java:71)
	at com.webratio.rtx.core.DefaultPageService.computeDataStructures(DefaultPageService.java:857)
	at com.webratio.rtx.core.DefaultPageService.computePage(DefaultPageService.java:403)
	at com.webratio.struts.actions.PageAction.doExecute(PageAction.java:476)
	at com.webratio.struts.actions.PageAction.execute(PageAction.java:77)
	at org.apache.struts.chain.commands.servlet.ExecuteAction.execute(ExecuteAction.java:58)
	at org.apache.struts.chain.commands.AbstractExecuteAction.execute(AbstractExecuteAction.java:67)
	at org.apache.struts.chain.commands.ActionCommandBase.execute(ActionCommandBase.java:51)
	at org.apache.commons.chain.impl.ChainBase.execute(ChainBase.java:190)
	at org.apache.commons.chain.generic.LookupCommand.execute(LookupCommand.java:304)
	at org.apache.commons.chain.impl.ChainBase.execute(ChainBase.java:190)
	at org.apache.struts.chain.ComposableRequestProcessor.process(ComposableRequestProcessor.java:283)
	at org.apache.struts.action.ActionServlet.process(ActionServlet.java:1913)
	at com.webratio.struts.servlets.WRActionServlet.process(WRActionServlet.java:155)
	at com.webratio.struts.servlets.WRActionServlet.doGet(WRActionServlet.java:109)
	at javax.servlet.http.HttpServlet.service(HttpServlet.java:634)
	at javax.servlet.http.HttpServlet.service(HttpServlet.java:741)
	at org.apache.catalina.core.ApplicationFilterChain.internalDoFilter(ApplicationFilterChain.java:231)
	at org.apache.catalina.core.ApplicationFilterChain.doFilter(ApplicationFilterChain.java:166)
	at org.apache.tomcat.websocket.server.WsFilter.doFilter(WsFilter.java:53)
	at org.apache.catalina.core.ApplicationFilterChain.internalDoFilter(ApplicationFilterChain.java:193)
	at org.apache.catalina.core.ApplicationFilterChain.doFilter(ApplicationFilterChain.java:166)
	at com.webratio.struts.filters.StaticResourceFilter.doFilter(StaticResourceFilter.java:78)
	at org.apache.catalina.core.ApplicationFilterChain.internalDoFilter(ApplicationFilterChain.java:193)
	at org.apache.catalina.core.ApplicationFilterChain.doFilter(ApplicationFilterChain.java:166)
	at com.webratio.struts.filters.SecurityFilter.doFilter(SecurityFilter.java:57)
	at org.apache.catalina.core.ApplicationFilterChain.internalDoFilter(ApplicationFilterChain.java:193)
	at org.apache.catalina.core.ApplicationFilterChain.doFilter(ApplicationFilterChain.java:166)
	at org.apache.catalina.core.StandardWrapperValve.invoke(StandardWrapperValve.java:202)
	at org.apache.catalina.core.StandardContextValve.invoke(StandardContextValve.java:96)
	at org.apache.catalina.authenticator.AuthenticatorBase.invoke(AuthenticatorBase.java:490)
	at org.apache.catalina.core.StandardHostValve.invoke(StandardHostValve.java:139)
	at org.apache.catalina.valves.ErrorReportValve.invoke(ErrorReportValve.java:92)
	at org.apache.catalina.valves.AbstractAccessLogValve.invoke(AbstractAccessLogValve.java:678)
	at org.apache.catalina.core.StandardEngineValve.invoke(StandardEngineValve.java:74)
	at org.apache.catalina.connector.CoyoteAdapter.service(CoyoteAdapter.java:343)
	at org.apache.coyote.http11.Http11Processor.service(Http11Processor.java:408)
	at org.apache.coyote.AbstractProcessorLight.process(AbstractProcessorLight.java:66)
	at org.apache.coyote.AbstractProtocol$ConnectionHandler.process(AbstractProtocol.java:853)
	at org.apache.tomcat.util.net.NioEndpoint$SocketProcessor.doRun(NioEndpoint.java:1587)
	at org.apache.tomcat.util.net.SocketProcessorBase.run(SocketProcessorBase.java:49)
	at java.base/java.util.concurrent.ThreadPoolExecutor.runWorker(ThreadPoolExecutor.java:1128)
	at java.base/java.util.concurrent.ThreadPoolExecutor$Worker.run(ThreadPoolExecutor.java:628)
	at org.apache.tomcat.util.threads.TaskThread$WrappingRunnable.run(TaskThread.java:61)
	at java.base/java.lang.Thread.run(Thread.java:829)
Caused by: org.hibernate.exception.GenericJDBCException: Cannot release connection
	at org.hibernate.exception.SQLStateConverter.handledNonSpecificException(SQLStateConverter.java:140)
	at org.hibernate.exception.SQLStateConverter.convert(SQLStateConverter.java:128)
	at org.hibernate.exception.JDBCExceptionHelper.convert(JDBCExceptionHelper.java:66)
	at org.hibernate.exception.JDBCExceptionHelper.convert(JDBCExceptionHelper.java:52)
	at org.hibernate.jdbc.ConnectionManager.closeConnection(ConnectionManager.java:478)
	at org.hibernate.jdbc.ConnectionManager.aggressiveRelease(ConnectionManager.java:429)
	at org.hibernate.jdbc.ConnectionManager.afterTransaction(ConnectionManager.java:316)
	at org.hibernate.jdbc.JDBCContext.afterTransactionCompletion(JDBCContext.java:248)
	at org.hibernate.transaction.JDBCTransaction.commit(JDBCTransaction.java:158)
	at com.webratio.rtx.db.AbstractDBService.commitAndClose(AbstractDBService.java:124)
	... 47 more
Caused by: java.sql.SQLException: Already closed.
	at org.apache.commons.dbcp.PoolableConnection.close(PoolableConnection.java:114)
	at org.apache.commons.dbcp.PoolingDataSource$PoolGuardConnectionWrapper.close(PoolingDataSource.java:191)
	at com.webratio.rtx.hibernate.SafeDelegatingConnection.close(SafeDelegatingConnection.java:38)
	at com.webratio.rtx.hibernate.DBCPConnectionProvider.closeConnection(DBCPConnectionProvider.java:232)
	at org.hibernate.jdbc.ConnectionManager.closeConnection(ConnectionManager.java:474)
	... 52 more
10 ago 2023 10:02:57,613  INFO [http-nio-8080-exec-3]  (com.webratio.struts.actions.AbstractWRAction:53) - [DB123149701AC6A7EA3FD45C3B547062][page1]Page action execution [id=page1] done in 1711 ms
10 ago 2023 10:02:58,693  INFO [http-nio-8080-exec-10]  (com.webratio.struts.actions.AbstractWRAction:53) - [98B9FEB14D850DDAB9C650DD319EF7CE][page1]Page action execution [id=page1] done in 39 ms
10 ago 2023 10:02:59,742  INFO [http-nio-8080-exec-3]  (com.webratio.struts.actions.AbstractWRAction:53) - [EFA2F6FE3B13A5F010431FB9C10F2B4B][page1]Page action execution [id=page1] done in 24 ms
10 ago 2023 10:03:00,788  INFO [http-nio-8080-exec-10]  (com.webratio.struts.actions.AbstractWRAction:53) - [935D8D75DDF0ACE25F932F8890B391FF][page1]Page action execution [id=page1] done in 27 ms
10 ago 2023 10:03:01,835  INFO [http-nio-8080-exec-3]  (com.webratio.struts.actions.AbstractWRAction:53) - [246FED8795EDF4078231652163FFE318][page1]Page action execution [id=page1] done in 26 ms
10 ago 2023 10:03:02,886  INFO [http-nio-8080-exec-10]  (com.webratio.struts.actions.AbstractWRAction:53) - [5EF7CD77B3F47C2A8DE61995566EB599][page1]Page action execution [id=page1] done in 26 ms
10 ago 2023 10:03:03,939  INFO [http-nio-8080-exec-3]  (com.webratio.struts.actions.AbstractWRAction:53) - [0EB4A9FAC010DE63566FEDC188B84984][page1]Page action execution [id=page1] done in 30 ms
10 ago 2023 10:03:04,981  INFO [http-nio-8080-exec-10]  (com.webratio.struts.actions.AbstractWRAction:53) - [E928624DE68C7D62D89A222D597390A6][page1]Page action execution [id=page1] done in 22 ms
10 ago 2023 10:03:06,024  INFO [http-nio-8080-exec-3]  (com.webratio.struts.actions.AbstractWRAction:53) - [8288516FAEA9A3BF41887FB4126A51A4][page1]Page action execution [id=page1] done in 25 ms
10 ago 2023 10:03:07,080  INFO [http-nio-8080-exec-10]  (com.webratio.struts.actions.AbstractWRAction:53) - [A5A4A1B12839BF29B834D6736CAA9CC0][page1]Page action execution [id=page1] done in 31 ms
10 ago 2023 10:03:08,120  INFO [http-nio-8080-exec-3]  (com.webratio.struts.actions.AbstractWRAction:53) - [56689326DECEC87850E19D1E04E6D4F3][page1]Page action execution [id=page1] done in 23 ms
10 ago 2023 10:03:09,166  INFO [http-nio-8080-exec-10]  (com.webratio.struts.actions.AbstractWRAction:53) - [ABA7D185EC25A857AD6586A2EF37E482][page1]Page action execution [id=page1] done in 24 ms
10 ago 2023 10:03:10,216  INFO [http-nio-8080-exec-3]  (com.webratio.struts.actions.AbstractWRAction:53) - [F34683EFB5977B24CD4511BF66AB7147][page1]Page action execution [id=page1] done in 30 ms
10 ago 2023 10:03:11,266  INFO [http-nio-8080-exec-9]  (com.webratio.struts.actions.AbstractWRAction:53) - [656E301398E58E303FD7B2D8C3A4D7F6][page1]Page action execution [id=page1] done in 25 ms
10 ago 2023 10:03:12,318  INFO [http-nio-8080-exec-3]  (com.webratio.struts.actions.AbstractWRAction:53) - [327E479A18443CCB6C4FF437A93D8CB2][page1]Page action execution [id=page1] done in 26 ms
10 ago 2023 10:03:13,358  INFO [http-nio-8080-exec-9]  (com.webratio.struts.actions.AbstractWRAction:53) - [0B59E00CED9B0A7AAE1D34D2ED27D32A][page1]Page action execution [id=page1] done in 23 ms
10 ago 2023 10:03:15,229  INFO [http-nio-8080-exec-7]  (com.webratio.struts.actions.AbstractWRAction:53) - [1252ADEA3AEF6D69E45B346A825A0D0F][page1]Page action execution [id=page1] done in 20 ms
10 ago 2023 10:03:17,453  INFO [http-nio-8080-exec-4]  (com.webratio.struts.actions.AbstractWRAction:53) - [EB7ECC22B98D8FC125F0E25C56D9A238][page1]Page action execution [id=page1] done in 24 ms
10 ago 2023 10:03:22,546  INFO [http-nio-8080-exec-1]  (com.webratio.struts.actions.AbstractWRAction:53) - [EB7ECC22B98D8FC125F0E25C56D9A238][page2]Page action execution [id=page2] done in 36 ms
10 ago 2023 15:45:31,933  INFO [http-nio-8080-exec-8]  (com.webratio.struts.actions.AbstractWRAction:53) - [AAB7F1CF492EEAB798D5BE14F23D41BD][page1]Page action execution [id=page1] done in 17957 ms
10 ago 2023 15:45:31,934  ERROR [http-nio-8080-exec-8]  (com.webratio.struts.exceptions.GenericExceptionHandler:73) - An error occurred executing action for 'page1'
com.webratio.rtx.RTXException: [inu1] org.hibernate.exception.GenericJDBCException: Cannot release connection
	at com.webratio.rtx.db.AbstractDBService.commitAndClose(AbstractDBService.java:128)
	at com.webratio.units.content.rtx.db.IndexUnitService.createUnitBean(IndexUnitService.java:139)
	at com.webratio.units.content.rtx.db.IndexUnitService.getUnitBean(IndexUnitService.java:95)
	at com.webratio.units.content.rtx.db.IndexUnitService.execute(IndexUnitService.java:71)
	at com.webratio.rtx.core.DefaultPageService.computeDataStructures(DefaultPageService.java:857)
	at com.webratio.rtx.core.DefaultPageService.computePage(DefaultPageService.java:403)
	at com.webratio.struts.actions.PageAction.doExecute(PageAction.java:476)
	at com.webratio.struts.actions.PageAction.execute(PageAction.java:77)
	at org.apache.struts.chain.commands.servlet.ExecuteAction.execute(ExecuteAction.java:58)
	at org.apache.struts.chain.commands.AbstractExecuteAction.execute(AbstractExecuteAction.java:67)
	at org.apache.struts.chain.commands.ActionCommandBase.execute(ActionCommandBase.java:51)
	at org.apache.commons.chain.impl.ChainBase.execute(ChainBase.java:190)
	at org.apache.commons.chain.generic.LookupCommand.execute(LookupCommand.java:304)
	at org.apache.commons.chain.impl.ChainBase.execute(ChainBase.java:190)
	at org.apache.struts.chain.ComposableRequestProcessor.process(ComposableRequestProcessor.java:283)
	at org.apache.struts.action.ActionServlet.process(ActionServlet.java:1913)
	at com.webratio.struts.servlets.WRActionServlet.process(WRActionServlet.java:155)
	at com.webratio.struts.servlets.WRActionServlet.doGet(WRActionServlet.java:109)
	at javax.servlet.http.HttpServlet.service(HttpServlet.java:634)
	at javax.servlet.http.HttpServlet.service(HttpServlet.java:741)
	at org.apache.catalina.core.ApplicationFilterChain.internalDoFilter(ApplicationFilterChain.java:231)
	at org.apache.catalina.core.ApplicationFilterChain.doFilter(ApplicationFilterChain.java:166)
	at org.apache.tomcat.websocket.server.WsFilter.doFilter(WsFilter.java:53)
	at org.apache.catalina.core.ApplicationFilterChain.internalDoFilter(ApplicationFilterChain.java:193)
	at org.apache.catalina.core.ApplicationFilterChain.doFilter(ApplicationFilterChain.java:166)
	at com.webratio.struts.filters.StaticResourceFilter.doFilter(StaticResourceFilter.java:78)
	at org.apache.catalina.core.ApplicationFilterChain.internalDoFilter(ApplicationFilterChain.java:193)
	at org.apache.catalina.core.ApplicationFilterChain.doFilter(ApplicationFilterChain.java:166)
	at com.webratio.struts.filters.SecurityFilter.doFilter(SecurityFilter.java:57)
	at org.apache.catalina.core.ApplicationFilterChain.internalDoFilter(ApplicationFilterChain.java:193)
	at org.apache.catalina.core.ApplicationFilterChain.doFilter(ApplicationFilterChain.java:166)
	at org.apache.catalina.core.StandardWrapperValve.invoke(StandardWrapperValve.java:202)
	at org.apache.catalina.core.StandardContextValve.invoke(StandardContextValve.java:96)
	at org.apache.catalina.authenticator.AuthenticatorBase.invoke(AuthenticatorBase.java:490)
	at org.apache.catalina.core.StandardHostValve.invoke(StandardHostValve.java:139)
	at org.apache.catalina.valves.ErrorReportValve.invoke(ErrorReportValve.java:92)
	at org.apache.catalina.valves.AbstractAccessLogValve.invoke(AbstractAccessLogValve.java:678)
	at org.apache.catalina.core.StandardEngineValve.invoke(StandardEngineValve.java:74)
	at org.apache.catalina.connector.CoyoteAdapter.service(CoyoteAdapter.java:343)
	at org.apache.coyote.http11.Http11Processor.service(Http11Processor.java:408)
	at org.apache.coyote.AbstractProcessorLight.process(AbstractProcessorLight.java:66)
	at org.apache.coyote.AbstractProtocol$ConnectionHandler.process(AbstractProtocol.java:853)
	at org.apache.tomcat.util.net.NioEndpoint$SocketProcessor.doRun(NioEndpoint.java:1587)
	at org.apache.tomcat.util.net.SocketProcessorBase.run(SocketProcessorBase.java:49)
	at java.base/java.util.concurrent.ThreadPoolExecutor.runWorker(ThreadPoolExecutor.java:1128)
	at java.base/java.util.concurrent.ThreadPoolExecutor$Worker.run(ThreadPoolExecutor.java:628)
	at org.apache.tomcat.util.threads.TaskThread$WrappingRunnable.run(TaskThread.java:61)
	at java.base/java.lang.Thread.run(Thread.java:829)
Caused by: org.hibernate.exception.GenericJDBCException: Cannot release connection
	at org.hibernate.exception.SQLStateConverter.handledNonSpecificException(SQLStateConverter.java:140)
	at org.hibernate.exception.SQLStateConverter.convert(SQLStateConverter.java:128)
	at org.hibernate.exception.JDBCExceptionHelper.convert(JDBCExceptionHelper.java:66)
	at org.hibernate.exception.JDBCExceptionHelper.convert(JDBCExceptionHelper.java:52)
	at org.hibernate.jdbc.ConnectionManager.closeConnection(ConnectionManager.java:478)
	at org.hibernate.jdbc.ConnectionManager.aggressiveRelease(ConnectionManager.java:429)
	at org.hibernate.jdbc.ConnectionManager.afterTransaction(ConnectionManager.java:316)
	at org.hibernate.jdbc.JDBCContext.afterTransactionCompletion(JDBCContext.java:248)
	at org.hibernate.transaction.JDBCTransaction.commit(JDBCTransaction.java:158)
	at com.webratio.rtx.db.AbstractDBService.commitAndClose(AbstractDBService.java:124)
	... 47 more
Caused by: java.sql.SQLException: Already closed.
	at org.apache.commons.dbcp.PoolableConnection.close(PoolableConnection.java:114)
	at org.apache.commons.dbcp.PoolingDataSource$PoolGuardConnectionWrapper.close(PoolingDataSource.java:191)
	at com.webratio.rtx.hibernate.SafeDelegatingConnection.close(SafeDelegatingConnection.java:38)
	at com.webratio.rtx.hibernate.DBCPConnectionProvider.closeConnection(DBCPConnectionProvider.java:232)
	at org.hibernate.jdbc.ConnectionManager.closeConnection(ConnectionManager.java:474)
	... 52 more
10 ago 2023 16:17:50,374  WARN [main]  (com.webratio.struts.RTXInitPlugIn:61) - Stopping application module '09_PAWeb_mio'
