------------------------------------------------------------------------------------
Date: 6/27/2023 -- 05:44:19 (uptime: 0d, 00h 00m 00s)
------------------------------------------------------------------------------------
Counter                                       | TM Name                   | Value
------------------------------------------------------------------------------------
decoder.pkts                                  | Total                     | 149
decoder.bytes                                 | Total                     | 17582
decoder.ipv4                                  | Total                     | 128
decoder.ipv6                                  | Total                     | 1
decoder.ethernet                              | Total                     | 149
decoder.tcp                                   | Total                     | 71
decoder.udp                                   | Total                     | 27
decoder.icmpv4                                | Total                     | 30
decoder.icmpv6                                | Total                     | 1
decoder.avg_pkt_size                          | Total                     | 118
decoder.max_pkt_size                          | Total                     | 1514
flow.tcp                                      | Total                     | 5
flow.udp                                      | Total                     | 5
flow.icmpv4                                   | Total                     | 1
flow.icmpv6                                   | Total                     | 1
flow.wrk.spare_sync_avg                       | Total                     | 100
flow.wrk.spare_sync                           | Total                     | 1
tcp.sessions                                  | Total                     | 5
tcp.invalid_checksum                          | Total                     | 32
tcp.syn                                       | Total                     | 5
tcp.rst                                       | Total                     | 3
detect.alert                                  | Total                     | 18
app_layer.flow.dhcp                           | Total                     | 1
app_layer.tx.dhcp                             | Total                     | 2
app_layer.flow.failed_udp                     | Total                     | 4
tcp.memuse                                    | Total                     | 606208
tcp.reassembly_memuse                         | Total                     | 98304
flow.memuse                                   | Total                     | 7394304
------------------------------------------------------------------------------------
Date: 6/27/2023 -- 05:45:31 (uptime: 0d, 00h 00m 00s)
------------------------------------------------------------------------------------
Counter                                       | TM Name                   | Value
------------------------------------------------------------------------------------
decoder.pkts                                  | Total                     | 149
decoder.bytes                                 | Total                     | 17582
decoder.ipv4                                  | Total                     | 128
decoder.ipv6                                  | Total                     | 1
decoder.ethernet                              | Total                     | 149
decoder.tcp                                   | Total                     | 71
decoder.udp                                   | Total                     | 27
decoder.icmpv4                                | Total                     | 30
decoder.icmpv6                                | Total                     | 1
decoder.avg_pkt_size                          | Total                     | 118
decoder.max_pkt_size                          | Total                     | 1514
flow.tcp                                      | Total                     | 5
flow.udp                                      | Total                     | 5
flow.icmpv4                                   | Total                     | 1
flow.icmpv6                                   | Total                     | 1
flow.wrk.spare_sync_avg                       | Total                     | 100
flow.wrk.spare_sync                           | Total                     | 1
tcp.sessions                                  | Total                     | 5
tcp.invalid_checksum                          | Total                     | 32
tcp.syn                                       | Total                     | 5
tcp.rst                                       | Total                     | 3
detect.alert                                  | Total                     | 18
app_layer.flow.dhcp                           | Total                     | 1
app_layer.tx.dhcp                             | Total                     | 2
app_layer.flow.failed_udp                     | Total                     | 4
tcp.memuse                                    | Total                     | 606208
tcp.reassembly_memuse                         | Total                     | 98304
flow.memuse                                   | Total                     | 7394304
------------------------------------------------------------------------------------
Date: 6/27/2023 -- 05:46:12 (uptime: 0d, 00h 00m 01s)
------------------------------------------------------------------------------------
Counter                                       | TM Name                   | Value
------------------------------------------------------------------------------------
decoder.pkts                                  | Total                     | 149
decoder.bytes                                 | Total                     | 17582
decoder.ipv4                                  | Total                     | 128
decoder.ipv6                                  | Total                     | 1
decoder.ethernet                              | Total                     | 149
decoder.tcp                                   | Total                     | 71
decoder.udp                                   | Total                     | 27
decoder.icmpv4                                | Total                     | 30
decoder.icmpv6                                | Total                     | 1
decoder.avg_pkt_size                          | Total                     | 118
decoder.max_pkt_size                          | Total                     | 1514
flow.tcp                                      | Total                     | 5
flow.udp                                      | Total                     | 5
flow.icmpv4                                   | Total                     | 1
flow.icmpv6                                   | Total                     | 1
flow.wrk.spare_sync_avg                       | Total                     | 100
flow.wrk.spare_sync                           | Total                     | 1
tcp.sessions                                  | Total                     | 5
tcp.invalid_checksum                          | Total                     | 32
tcp.syn                                       | Total                     | 5
tcp.rst                                       | Total                     | 3
app_layer.flow.dhcp                           | Total                     | 1
app_layer.tx.dhcp                             | Total                     | 2
app_layer.flow.failed_udp                     | Total                     | 4
flow.mgr.full_hash_pass                       | Total                     | 1
flow.spare                                    | Total                     | 9900
flow.mgr.rows_maxlen                          | Total                     | 1
flow.mgr.flows_checked                        | Total                     | 12
flow.mgr.flows_notimeout                      | Total                     | 12
tcp.memuse                                    | Total                     | 606208
tcp.reassembly_memuse                         | Total                     | 98304
flow.memuse                                   | Total                     | 7394304
------------------------------------------------------------------------------------
Date: 6/27/2023 -- 05:46:32 (uptime: 0d, 00h 00m 00s)
------------------------------------------------------------------------------------
Counter                                       | TM Name                   | Value
------------------------------------------------------------------------------------
decoder.pkts                                  | Total                     | 149
decoder.bytes                                 | Total                     | 17582
decoder.ipv4                                  | Total                     | 128
decoder.ipv6                                  | Total                     | 1
decoder.ethernet                              | Total                     | 149
decoder.tcp                                   | Total                     | 71
decoder.udp                                   | Total                     | 27
decoder.icmpv4                                | Total                     | 30
decoder.icmpv6                                | Total                     | 1
decoder.avg_pkt_size                          | Total                     | 118
decoder.max_pkt_size                          | Total                     | 1514
flow.tcp                                      | Total                     | 5
flow.udp                                      | Total                     | 5
flow.icmpv4                                   | Total                     | 1
flow.icmpv6                                   | Total                     | 1
flow.wrk.spare_sync_avg                       | Total                     | 100
flow.wrk.spare_sync                           | Total                     | 1
tcp.sessions                                  | Total                     | 5
tcp.invalid_checksum                          | Total                     | 32
tcp.syn                                       | Total                     | 5
tcp.rst                                       | Total                     | 3
detect.alert                                  | Total                     | 18
app_layer.flow.dhcp                           | Total                     | 1
app_layer.tx.dhcp                             | Total                     | 2
app_layer.flow.failed_udp                     | Total                     | 4
tcp.memuse                                    | Total                     | 606208
tcp.reassembly_memuse                         | Total                     | 98304
flow.memuse                                   | Total                     | 7394304
------------------------------------------------------------------------------------
Date: 6/27/2023 -- 05:47:14 (uptime: 0d, 00h 00m 00s)
------------------------------------------------------------------------------------
Counter                                       | TM Name                   | Value
------------------------------------------------------------------------------------
decoder.pkts                                  | Total                     | 149
decoder.bytes                                 | Total                     | 17582
decoder.ipv4                                  | Total                     | 128
decoder.ipv6                                  | Total                     | 1
decoder.ethernet                              | Total                     | 149
decoder.tcp                                   | Total                     | 71
decoder.udp                                   | Total                     | 27
decoder.icmpv4                                | Total                     | 30
decoder.icmpv6                                | Total                     | 1
decoder.avg_pkt_size                          | Total                     | 118
decoder.max_pkt_size                          | Total                     | 1514
flow.tcp                                      | Total                     | 5
flow.udp                                      | Total                     | 5
flow.icmpv4                                   | Total                     | 1
flow.icmpv6                                   | Total                     | 1
flow.wrk.spare_sync_avg                       | Total                     | 100
flow.wrk.spare_sync                           | Total                     | 1
tcp.sessions                                  | Total                     | 5
tcp.invalid_checksum                          | Total                     | 32
tcp.syn                                       | Total                     | 5
tcp.rst                                       | Total                     | 3
detect.alert                                  | Total                     | 18
app_layer.flow.dhcp                           | Total                     | 1
app_layer.tx.dhcp                             | Total                     | 2
app_layer.flow.failed_udp                     | Total                     | 4
tcp.memuse                                    | Total                     | 606208
tcp.reassembly_memuse                         | Total                     | 98304
flow.memuse                                   | Total                     | 7394304
------------------------------------------------------------------------------------
Date: 6/27/2023 -- 05:47:41 (uptime: 0d, 00h 00m 00s)
------------------------------------------------------------------------------------
Counter                                       | TM Name                   | Value
------------------------------------------------------------------------------------
decoder.pkts                                  | Total                     | 149
decoder.bytes                                 | Total                     | 17582
decoder.ipv4                                  | Total                     | 128
decoder.ipv6                                  | Total                     | 1
decoder.ethernet                              | Total                     | 149
decoder.tcp                                   | Total                     | 71
decoder.udp                                   | Total                     | 27
decoder.icmpv4                                | Total                     | 30
decoder.icmpv6                                | Total                     | 1
decoder.avg_pkt_size                          | Total                     | 118
decoder.max_pkt_size                          | Total                     | 1514
flow.tcp                                      | Total                     | 5
flow.udp                                      | Total                     | 5
flow.icmpv4                                   | Total                     | 1
flow.icmpv6                                   | Total                     | 1
flow.wrk.spare_sync_avg                       | Total                     | 100
flow.wrk.spare_sync                           | Total                     | 1
tcp.sessions                                  | Total                     | 5
tcp.invalid_checksum                          | Total                     | 32
tcp.syn                                       | Total                     | 5
tcp.rst                                       | Total                     | 3
detect.alert                                  | Total                     | 18
app_layer.flow.dhcp                           | Total                     | 1
app_layer.tx.dhcp                             | Total                     | 2
app_layer.flow.failed_udp                     | Total                     | 4
tcp.memuse                                    | Total                     | 606208
tcp.reassembly_memuse                         | Total                     | 98304
flow.memuse                                   | Total                     | 7394304
------------------------------------------------------------------------------------
Date: 6/27/2023 -- 05:52:46 (uptime: 0d, 00h 00m 00s)
------------------------------------------------------------------------------------
Counter                                       | TM Name                   | Value
------------------------------------------------------------------------------------
decoder.pkts                                  | Total                     | 149
decoder.bytes                                 | Total                     | 17582
decoder.ipv4                                  | Total                     | 128
decoder.ipv6                                  | Total                     | 1
decoder.ethernet                              | Total                     | 149
decoder.tcp                                   | Total                     | 71
decoder.udp                                   | Total                     | 27
decoder.icmpv4                                | Total                     | 30
decoder.icmpv6                                | Total                     | 1
decoder.avg_pkt_size                          | Total                     | 118
decoder.max_pkt_size                          | Total                     | 1514
flow.tcp                                      | Total                     | 5
flow.udp                                      | Total                     | 5
flow.icmpv4                                   | Total                     | 1
flow.icmpv6                                   | Total                     | 1
flow.wrk.spare_sync_avg                       | Total                     | 100
flow.wrk.spare_sync                           | Total                     | 1
tcp.sessions                                  | Total                     | 5
tcp.invalid_checksum                          | Total                     | 32
tcp.syn                                       | Total                     | 5
tcp.rst                                       | Total                     | 3
app_layer.flow.dhcp                           | Total                     | 1
app_layer.tx.dhcp                             | Total                     | 2
app_layer.flow.failed_udp                     | Total                     | 4
tcp.memuse                                    | Total                     | 606208
tcp.reassembly_memuse                         | Total                     | 98304
flow.memuse                                   | Total                     | 7394304
------------------------------------------------------------------------------------
Date: 6/27/2023 -- 05:53:16 (uptime: 0d, 00h 00m 00s)
------------------------------------------------------------------------------------
Counter                                       | TM Name                   | Value
------------------------------------------------------------------------------------
decoder.pkts                                  | Total                     | 149
decoder.bytes                                 | Total                     | 17582
decoder.ipv4                                  | Total                     | 128
decoder.ipv6                                  | Total                     | 1
decoder.ethernet                              | Total                     | 149
decoder.tcp                                   | Total                     | 71
decoder.udp                                   | Total                     | 27
decoder.icmpv4                                | Total                     | 30
decoder.icmpv6                                | Total                     | 1
decoder.avg_pkt_size                          | Total                     | 118
decoder.max_pkt_size                          | Total                     | 1514
flow.tcp                                      | Total                     | 5
flow.udp                                      | Total                     | 5
flow.icmpv4                                   | Total                     | 1
flow.icmpv6                                   | Total                     | 1
flow.wrk.spare_sync_avg                       | Total                     | 100
flow.wrk.spare_sync                           | Total                     | 1
tcp.sessions                                  | Total                     | 5
tcp.invalid_checksum                          | Total                     | 32
tcp.syn                                       | Total                     | 5
tcp.rst                                       | Total                     | 3
detect.alert                                  | Total                     | 5
app_layer.flow.dhcp                           | Total                     | 1
app_layer.tx.dhcp                             | Total                     | 2
app_layer.flow.failed_udp                     | Total                     | 4
tcp.memuse                                    | Total                     | 606208
tcp.reassembly_memuse                         | Total                     | 98304
flow.memuse                                   | Total                     | 7394304
