07 ago 2023 20:54:21,830  ERROR [http-nio-8080-exec-9]  (com.webratio.struts.exceptions.GenericExceptionHandler:73) - An error occurred executing action for 'page1'
 com.webratio.rtx.RTXException: [inu1] org.hibernate.exception.GenericJDBCException: Cannot release connection
	at com.webratio.rtx.db.AbstractDBService.commitAndClose(AbstractDBService.java:128)
	at com.webratio.units.content.rtx.db.IndexUnitService.createUnitBean(IndexUnitService.java:139)
	at com.webratio.units.content.rtx.db.IndexUnitService.getUnitBean(IndexUnitService.java:95)
	at com.webratio.units.content.rtx.db.IndexUnitService.execute(IndexUnitService.java:71)
	at com.webratio.rtx.core.DefaultPageService.computeDataStructures(DefaultPageService.java:857)
	at com.webratio.rtx.core.DefaultPageService.computePage(DefaultPageService.java:403)
	at com.webratio.struts.actions.PageAction.doExecute(PageAction.java:476)
	at com.webratio.struts.actions.PageAction.execute(PageAction.java:77)
	at org.apache.struts.chain.commands.servlet.ExecuteAction.execute(ExecuteAction.java:58)
	at org.apache.struts.chain.commands.AbstractExecuteAction.execute(AbstractExecuteAction.java:67)
	at org.apache.struts.chain.commands.ActionCommandBase.execute(ActionCommandBase.java:51)
	at org.apache.commons.chain.impl.ChainBase.execute(ChainBase.java:190)
	at org.apache.commons.chain.generic.LookupCommand.execute(LookupCommand.java:304)
	at org.apache.commons.chain.impl.ChainBase.execute(ChainBase.java:190)
	at org.apache.struts.chain.ComposableRequestProcessor.process(ComposableRequestProcessor.java:283)
	at org.apache.struts.action.ActionServlet.process(ActionServlet.java:1913)
	at com.webratio.struts.servlets.WRActionServlet.process(WRActionServlet.java:155)
	at com.webratio.struts.servlets.WRActionServlet.doGet(WRActionServlet.java:109)
	at javax.servlet.http.HttpServlet.service(HttpServlet.java:634)
	at javax.servlet.http.HttpServlet.service(HttpServlet.java:741)
	at org.apache.catalina.core.ApplicationFilterChain.internalDoFilter(ApplicationFilterChain.java:231)
	at org.apache.catalina.core.ApplicationFilterChain.doFilter(ApplicationFilterChain.java:166)
	at org.apache.tomcat.websocket.server.WsFilter.doFilter(WsFilter.java:53)
	at org.apache.catalina.core.ApplicationFilterChain.internalDoFilter(ApplicationFilterChain.java:193)
	at org.apache.catalina.core.ApplicationFilterChain.doFilter(ApplicationFilterChain.java:166)
	at com.webratio.struts.filters.StaticResourceFilter.doFilter(StaticResourceFilter.java:78)
	at org.apache.catalina.core.ApplicationFilterChain.internalDoFilter(ApplicationFilterChain.java:193)
	at org.apache.catalina.core.ApplicationFilterChain.doFilter(ApplicationFilterChain.java:166)
	at com.webratio.struts.filters.SecurityFilter.doFilter(SecurityFilter.java:57)
	at org.apache.catalina.core.ApplicationFilterChain.internalDoFilter(ApplicationFilterChain.java:193)
	at org.apache.catalina.core.ApplicationFilterChain.doFilter(ApplicationFilterChain.java:166)
	at org.apache.catalina.core.StandardWrapperValve.invoke(StandardWrapperValve.java:202)
	at org.apache.catalina.core.StandardContextValve.invoke(StandardContextValve.java:96)
	at org.apache.catalina.authenticator.AuthenticatorBase.invoke(AuthenticatorBase.java:490)
	at org.apache.catalina.core.StandardHostValve.invoke(StandardHostValve.java:139)
	at org.apache.catalina.valves.ErrorReportValve.invoke(ErrorReportValve.java:92)
	at org.apache.catalina.valves.AbstractAccessLogValve.invoke(AbstractAccessLogValve.java:678)
	at org.apache.catalina.core.StandardEngineValve.invoke(StandardEngineValve.java:74)
	at org.apache.catalina.connector.CoyoteAdapter.service(CoyoteAdapter.java:343)
	at org.apache.coyote.http11.Http11Processor.service(Http11Processor.java:408)
	at org.apache.coyote.AbstractProcessorLight.process(AbstractProcessorLight.java:66)
	at org.apache.coyote.AbstractProtocol$ConnectionHandler.process(AbstractProtocol.java:853)
	at org.apache.tomcat.util.net.NioEndpoint$SocketProcessor.doRun(NioEndpoint.java:1587)
	at org.apache.tomcat.util.net.SocketProcessorBase.run(SocketProcessorBase.java:49)
	at java.base/java.util.concurrent.ThreadPoolExecutor.runWorker(ThreadPoolExecutor.java:1128)
	at java.base/java.util.concurrent.ThreadPoolExecutor$Worker.run(ThreadPoolExecutor.java:628)
	at org.apache.tomcat.util.threads.TaskThread$WrappingRunnable.run(TaskThread.java:61)
	at java.base/java.lang.Thread.run(Thread.java:829)
Caused by: org.hibernate.exception.GenericJDBCException: Cannot release connection
	at org.hibernate.exception.SQLStateConverter.handledNonSpecificException(SQLStateConverter.java:140)
	at org.hibernate.exception.SQLStateConverter.convert(SQLStateConverter.java:128)
	at org.hibernate.exception.JDBCExceptionHelper.convert(JDBCExceptionHelper.java:66)
	at org.hibernate.exception.JDBCExceptionHelper.convert(JDBCExceptionHelper.java:52)
	at org.hibernate.jdbc.ConnectionManager.closeConnection(ConnectionManager.java:478)
	at org.hibernate.jdbc.ConnectionManager.aggressiveRelease(ConnectionManager.java:429)
	at org.hibernate.jdbc.ConnectionManager.afterTransaction(ConnectionManager.java:316)
	at org.hibernate.jdbc.JDBCContext.afterTransactionCompletion(JDBCContext.java:248)
	at org.hibernate.transaction.JDBCTransaction.commit(JDBCTransaction.java:158)
	at com.webratio.rtx.db.AbstractDBService.commitAndClose(AbstractDBService.java:124)
	... 47 more
Caused by: java.sql.SQLException: Already closed.
	at org.apache.commons.dbcp.PoolableConnection.close(PoolableConnection.java:114)
	at org.apache.commons.dbcp.PoolingDataSource$PoolGuardConnectionWrapper.close(PoolingDataSource.java:191)
	at com.webratio.rtx.hibernate.SafeDelegatingConnection.close(SafeDelegatingConnection.java:38)
	at com.webratio.rtx.hibernate.DBCPConnectionProvider.closeConnection(DBCPConnectionProvider.java:232)
	at org.hibernate.jdbc.ConnectionManager.closeConnection(ConnectionManager.java:474)
	... 52 more
09 ago 2023 22:13:44,424  ERROR [http-nio-8080-exec-2]  (com.webratio.struts.exceptions.GenericExceptionHandler:73) - An error occurred executing action for 'page1'
 com.webratio.rtx.RTXException: [inu1] org.hibernate.exception.GenericJDBCException: Cannot release connection
	at com.webratio.rtx.db.AbstractDBService.commitAndClose(AbstractDBService.java:128)
	at com.webratio.units.content.rtx.db.IndexUnitService.createUnitBean(IndexUnitService.java:139)
	at com.webratio.units.content.rtx.db.IndexUnitService.getUnitBean(IndexUnitService.java:95)
	at com.webratio.units.content.rtx.db.IndexUnitService.execute(IndexUnitService.java:71)
	at com.webratio.rtx.core.DefaultPageService.computeDataStructures(DefaultPageService.java:857)
	at com.webratio.rtx.core.DefaultPageService.computePage(DefaultPageService.java:403)
	at com.webratio.struts.actions.PageAction.doExecute(PageAction.java:476)
	at com.webratio.struts.actions.PageAction.execute(PageAction.java:77)
	at org.apache.struts.chain.commands.servlet.ExecuteAction.execute(ExecuteAction.java:58)
	at org.apache.struts.chain.commands.AbstractExecuteAction.execute(AbstractExecuteAction.java:67)
	at org.apache.struts.chain.commands.ActionCommandBase.execute(ActionCommandBase.java:51)
	at org.apache.commons.chain.impl.ChainBase.execute(ChainBase.java:190)
	at org.apache.commons.chain.generic.LookupCommand.execute(LookupCommand.java:304)
	at org.apache.commons.chain.impl.ChainBase.execute(ChainBase.java:190)
	at org.apache.struts.chain.ComposableRequestProcessor.process(ComposableRequestProcessor.java:283)
	at org.apache.struts.action.ActionServlet.process(ActionServlet.java:1913)
	at com.webratio.struts.servlets.WRActionServlet.process(WRActionServlet.java:155)
	at com.webratio.struts.servlets.WRActionServlet.doGet(WRActionServlet.java:109)
	at javax.servlet.http.HttpServlet.service(HttpServlet.java:634)
	at javax.servlet.http.HttpServlet.service(HttpServlet.java:741)
	at org.apache.catalina.core.ApplicationFilterChain.internalDoFilter(ApplicationFilterChain.java:231)
	at org.apache.catalina.core.ApplicationFilterChain.doFilter(ApplicationFilterChain.java:166)
	at org.apache.tomcat.websocket.server.WsFilter.doFilter(WsFilter.java:53)
	at org.apache.catalina.core.ApplicationFilterChain.internalDoFilter(ApplicationFilterChain.java:193)
	at org.apache.catalina.core.ApplicationFilterChain.doFilter(ApplicationFilterChain.java:166)
	at com.webratio.struts.filters.StaticResourceFilter.doFilter(StaticResourceFilter.java:78)
	at org.apache.catalina.core.ApplicationFilterChain.internalDoFilter(ApplicationFilterChain.java:193)
	at org.apache.catalina.core.ApplicationFilterChain.doFilter(ApplicationFilterChain.java:166)
	at com.webratio.struts.filters.SecurityFilter.doFilter(SecurityFilter.java:57)
	at org.apache.catalina.core.ApplicationFilterChain.internalDoFilter(ApplicationFilterChain.java:193)
	at org.apache.catalina.core.ApplicationFilterChain.doFilter(ApplicationFilterChain.java:166)
	at org.apache.catalina.core.StandardWrapperValve.invoke(StandardWrapperValve.java:202)
	at org.apache.catalina.core.StandardContextValve.invoke(StandardContextValve.java:96)
	at org.apache.catalina.authenticator.AuthenticatorBase.invoke(AuthenticatorBase.java:490)
	at org.apache.catalina.core.StandardHostValve.invoke(StandardHostValve.java:139)
	at org.apache.catalina.valves.ErrorReportValve.invoke(ErrorReportValve.java:92)
	at org.apache.catalina.valves.AbstractAccessLogValve.invoke(AbstractAccessLogValve.java:678)
	at org.apache.catalina.core.StandardEngineValve.invoke(StandardEngineValve.java:74)
	at org.apache.catalina.connector.CoyoteAdapter.service(CoyoteAdapter.java:343)
	at org.apache.coyote.http11.Http11Processor.service(Http11Processor.java:408)
	at org.apache.coyote.AbstractProcessorLight.process(AbstractProcessorLight.java:66)
	at org.apache.coyote.AbstractProtocol$ConnectionHandler.process(AbstractProtocol.java:853)
	at org.apache.tomcat.util.net.NioEndpoint$SocketProcessor.doRun(NioEndpoint.java:1587)
	at org.apache.tomcat.util.net.SocketProcessorBase.run(SocketProcessorBase.java:49)
	at java.base/java.util.concurrent.ThreadPoolExecutor.runWorker(ThreadPoolExecutor.java:1128)
	at java.base/java.util.concurrent.ThreadPoolExecutor$Worker.run(ThreadPoolExecutor.java:628)
	at org.apache.tomcat.util.threads.TaskThread$WrappingRunnable.run(TaskThread.java:61)
	at java.base/java.lang.Thread.run(Thread.java:829)
Caused by: org.hibernate.exception.GenericJDBCException: Cannot release connection
	at org.hibernate.exception.SQLStateConverter.handledNonSpecificException(SQLStateConverter.java:140)
	at org.hibernate.exception.SQLStateConverter.convert(SQLStateConverter.java:128)
	at org.hibernate.exception.JDBCExceptionHelper.convert(JDBCExceptionHelper.java:66)
	at org.hibernate.exception.JDBCExceptionHelper.convert(JDBCExceptionHelper.java:52)
	at org.hibernate.jdbc.ConnectionManager.closeConnection(ConnectionManager.java:478)
	at org.hibernate.jdbc.ConnectionManager.aggressiveRelease(ConnectionManager.java:429)
	at org.hibernate.jdbc.ConnectionManager.afterTransaction(ConnectionManager.java:316)
	at org.hibernate.jdbc.JDBCContext.afterTransactionCompletion(JDBCContext.java:248)
	at org.hibernate.transaction.JDBCTransaction.commit(JDBCTransaction.java:158)
	at com.webratio.rtx.db.AbstractDBService.commitAndClose(AbstractDBService.java:124)
	... 47 more
Caused by: java.sql.SQLException: Already closed.
	at org.apache.commons.dbcp.PoolableConnection.close(PoolableConnection.java:114)
	at org.apache.commons.dbcp.PoolingDataSource$PoolGuardConnectionWrapper.close(PoolingDataSource.java:191)
	at com.webratio.rtx.hibernate.SafeDelegatingConnection.close(SafeDelegatingConnection.java:38)
	at com.webratio.rtx.hibernate.DBCPConnectionProvider.closeConnection(DBCPConnectionProvider.java:232)
	at org.hibernate.jdbc.ConnectionManager.closeConnection(ConnectionManager.java:474)
	... 52 more
10 ago 2023 10:02:53,826  ERROR [http-nio-8080-exec-3]  (com.webratio.struts.exceptions.GenericExceptionHandler:73) - An error occurred executing action for 'page1'
 com.webratio.rtx.RTXException: [inu1] org.hibernate.exception.GenericJDBCException: Cannot release connection
	at com.webratio.rtx.db.AbstractDBService.commitAndClose(AbstractDBService.java:128)
	at com.webratio.units.content.rtx.db.IndexUnitService.createUnitBean(IndexUnitService.java:139)
	at com.webratio.units.content.rtx.db.IndexUnitService.getUnitBean(IndexUnitService.java:95)
	at com.webratio.units.content.rtx.db.IndexUnitService.execute(IndexUnitService.java:71)
	at com.webratio.rtx.core.DefaultPageService.computeDataStructures(DefaultPageService.java:857)
	at com.webratio.rtx.core.DefaultPageService.computePage(DefaultPageService.java:403)
	at com.webratio.struts.actions.PageAction.doExecute(PageAction.java:476)
	at com.webratio.struts.actions.PageAction.execute(PageAction.java:77)
	at org.apache.struts.chain.commands.servlet.ExecuteAction.execute(ExecuteAction.java:58)
	at org.apache.struts.chain.commands.AbstractExecuteAction.execute(AbstractExecuteAction.java:67)
	at org.apache.struts.chain.commands.ActionCommandBase.execute(ActionCommandBase.java:51)
	at org.apache.commons.chain.impl.ChainBase.execute(ChainBase.java:190)
	at org.apache.commons.chain.generic.LookupCommand.execute(LookupCommand.java:304)
	at org.apache.commons.chain.impl.ChainBase.execute(ChainBase.java:190)
	at org.apache.struts.chain.ComposableRequestProcessor.process(ComposableRequestProcessor.java:283)
	at org.apache.struts.action.ActionServlet.process(ActionServlet.java:1913)
	at com.webratio.struts.servlets.WRActionServlet.process(WRActionServlet.java:155)
	at com.webratio.struts.servlets.WRActionServlet.doGet(WRActionServlet.java:109)
	at javax.servlet.http.HttpServlet.service(HttpServlet.java:634)
	at javax.servlet.http.HttpServlet.service(HttpServlet.java:741)
	at org.apache.catalina.core.ApplicationFilterChain.internalDoFilter(ApplicationFilterChain.java:231)
	at org.apache.catalina.core.ApplicationFilterChain.doFilter(ApplicationFilterChain.java:166)
	at org.apache.tomcat.websocket.server.WsFilter.doFilter(WsFilter.java:53)
	at org.apache.catalina.core.ApplicationFilterChain.internalDoFilter(ApplicationFilterChain.java:193)
	at org.apache.catalina.core.ApplicationFilterChain.doFilter(ApplicationFilterChain.java:166)
	at com.webratio.struts.filters.StaticResourceFilter.doFilter(StaticResourceFilter.java:78)
	at org.apache.catalina.core.ApplicationFilterChain.internalDoFilter(ApplicationFilterChain.java:193)
	at org.apache.catalina.core.ApplicationFilterChain.doFilter(ApplicationFilterChain.java:166)
	at com.webratio.struts.filters.SecurityFilter.doFilter(SecurityFilter.java:57)
	at org.apache.catalina.core.ApplicationFilterChain.internalDoFilter(ApplicationFilterChain.java:193)
	at org.apache.catalina.core.ApplicationFilterChain.doFilter(ApplicationFilterChain.java:166)
	at org.apache.catalina.core.StandardWrapperValve.invoke(StandardWrapperValve.java:202)
	at org.apache.catalina.core.StandardContextValve.invoke(StandardContextValve.java:96)
	at org.apache.catalina.authenticator.AuthenticatorBase.invoke(AuthenticatorBase.java:490)
	at org.apache.catalina.core.StandardHostValve.invoke(StandardHostValve.java:139)
	at org.apache.catalina.valves.ErrorReportValve.invoke(ErrorReportValve.java:92)
	at org.apache.catalina.valves.AbstractAccessLogValve.invoke(AbstractAccessLogValve.java:678)
	at org.apache.catalina.core.StandardEngineValve.invoke(StandardEngineValve.java:74)
	at org.apache.catalina.connector.CoyoteAdapter.service(CoyoteAdapter.java:343)
	at org.apache.coyote.http11.Http11Processor.service(Http11Processor.java:408)
	at org.apache.coyote.AbstractProcessorLight.process(AbstractProcessorLight.java:66)
	at org.apache.coyote.AbstractProtocol$ConnectionHandler.process(AbstractProtocol.java:853)
	at org.apache.tomcat.util.net.NioEndpoint$SocketProcessor.doRun(NioEndpoint.java:1587)
	at org.apache.tomcat.util.net.SocketProcessorBase.run(SocketProcessorBase.java:49)
	at java.base/java.util.concurrent.ThreadPoolExecutor.runWorker(ThreadPoolExecutor.java:1128)
	at java.base/java.util.concurrent.ThreadPoolExecutor$Worker.run(ThreadPoolExecutor.java:628)
	at org.apache.tomcat.util.threads.TaskThread$WrappingRunnable.run(TaskThread.java:61)
	at java.base/java.lang.Thread.run(Thread.java:829)
Caused by: org.hibernate.exception.GenericJDBCException: Cannot release connection
	at org.hibernate.exception.SQLStateConverter.handledNonSpecificException(SQLStateConverter.java:140)
	at org.hibernate.exception.SQLStateConverter.convert(SQLStateConverter.java:128)
	at org.hibernate.exception.JDBCExceptionHelper.convert(JDBCExceptionHelper.java:66)
	at org.hibernate.exception.JDBCExceptionHelper.convert(JDBCExceptionHelper.java:52)
	at org.hibernate.jdbc.ConnectionManager.closeConnection(ConnectionManager.java:478)
	at org.hibernate.jdbc.ConnectionManager.aggressiveRelease(ConnectionManager.java:429)
	at org.hibernate.jdbc.ConnectionManager.afterTransaction(ConnectionManager.java:316)
	at org.hibernate.jdbc.JDBCContext.afterTransactionCompletion(JDBCContext.java:248)
	at org.hibernate.transaction.JDBCTransaction.commit(JDBCTransaction.java:158)
	at com.webratio.rtx.db.AbstractDBService.commitAndClose(AbstractDBService.java:124)
	... 47 more
Caused by: java.sql.SQLException: Already closed.
	at org.apache.commons.dbcp.PoolableConnection.close(PoolableConnection.java:114)
	at org.apache.commons.dbcp.PoolingDataSource$PoolGuardConnectionWrapper.close(PoolingDataSource.java:191)
	at com.webratio.rtx.hibernate.SafeDelegatingConnection.close(SafeDelegatingConnection.java:38)
	at com.webratio.rtx.hibernate.DBCPConnectionProvider.closeConnection(DBCPConnectionProvider.java:232)
	at org.hibernate.jdbc.ConnectionManager.closeConnection(ConnectionManager.java:474)
	... 52 more
10 ago 2023 10:02:54,863  ERROR [http-nio-8080-exec-10]  (com.webratio.struts.exceptions.GenericExceptionHandler:73) - An error occurred executing action for 'page1'
 com.webratio.rtx.RTXException: [inu1] org.hibernate.exception.GenericJDBCException: Cannot release connection
	at com.webratio.rtx.db.AbstractDBService.commitAndClose(AbstractDBService.java:128)
	at com.webratio.units.content.rtx.db.IndexUnitService.createUnitBean(IndexUnitService.java:139)
	at com.webratio.units.content.rtx.db.IndexUnitService.getUnitBean(IndexUnitService.java:95)
	at com.webratio.units.content.rtx.db.IndexUnitService.execute(IndexUnitService.java:71)
	at com.webratio.rtx.core.DefaultPageService.computeDataStructures(DefaultPageService.java:857)
	at com.webratio.rtx.core.DefaultPageService.computePage(DefaultPageService.java:403)
	at com.webratio.struts.actions.PageAction.doExecute(PageAction.java:476)
	at com.webratio.struts.actions.PageAction.execute(PageAction.java:77)
	at org.apache.struts.chain.commands.servlet.ExecuteAction.execute(ExecuteAction.java:58)
	at org.apache.struts.chain.commands.AbstractExecuteAction.execute(AbstractExecuteAction.java:67)
	at org.apache.struts.chain.commands.ActionCommandBase.execute(ActionCommandBase.java:51)
	at org.apache.commons.chain.impl.ChainBase.execute(ChainBase.java:190)
	at org.apache.commons.chain.generic.LookupCommand.execute(LookupCommand.java:304)
	at org.apache.commons.chain.impl.ChainBase.execute(ChainBase.java:190)
	at org.apache.struts.chain.ComposableRequestProcessor.process(ComposableRequestProcessor.java:283)
	at org.apache.struts.action.ActionServlet.process(ActionServlet.java:1913)
	at com.webratio.struts.servlets.WRActionServlet.process(WRActionServlet.java:155)
	at com.webratio.struts.servlets.WRActionServlet.doGet(WRActionServlet.java:109)
	at javax.servlet.http.HttpServlet.service(HttpServlet.java:634)
	at javax.servlet.http.HttpServlet.service(HttpServlet.java:741)
	at org.apache.catalina.core.ApplicationFilterChain.internalDoFilter(ApplicationFilterChain.java:231)
	at org.apache.catalina.core.ApplicationFilterChain.doFilter(ApplicationFilterChain.java:166)
	at org.apache.tomcat.websocket.server.WsFilter.doFilter(WsFilter.java:53)
	at org.apache.catalina.core.ApplicationFilterChain.internalDoFilter(ApplicationFilterChain.java:193)
	at org.apache.catalina.core.ApplicationFilterChain.doFilter(ApplicationFilterChain.java:166)
	at com.webratio.struts.filters.StaticResourceFilter.doFilter(StaticResourceFilter.java:78)
	at org.apache.catalina.core.ApplicationFilterChain.internalDoFilter(ApplicationFilterChain.java:193)
	at org.apache.catalina.core.ApplicationFilterChain.doFilter(ApplicationFilterChain.java:166)
	at com.webratio.struts.filters.SecurityFilter.doFilter(SecurityFilter.java:57)
	at org.apache.catalina.core.ApplicationFilterChain.internalDoFilter(ApplicationFilterChain.java:193)
	at org.apache.catalina.core.ApplicationFilterChain.doFilter(ApplicationFilterChain.java:166)
	at org.apache.catalina.core.StandardWrapperValve.invoke(StandardWrapperValve.java:202)
	at org.apache.catalina.core.StandardContextValve.invoke(StandardContextValve.java:96)
	at org.apache.catalina.authenticator.AuthenticatorBase.invoke(AuthenticatorBase.java:490)
	at org.apache.catalina.core.StandardHostValve.invoke(StandardHostValve.java:139)
	at org.apache.catalina.valves.ErrorReportValve.invoke(ErrorReportValve.java:92)
	at org.apache.catalina.valves.AbstractAccessLogValve.invoke(AbstractAccessLogValve.java:678)
	at org.apache.catalina.core.StandardEngineValve.invoke(StandardEngineValve.java:74)
	at org.apache.catalina.connector.CoyoteAdapter.service(CoyoteAdapter.java:343)
	at org.apache.coyote.http11.Http11Processor.service(Http11Processor.java:408)
	at org.apache.coyote.AbstractProcessorLight.process(AbstractProcessorLight.java:66)
	at org.apache.coyote.AbstractProtocol$ConnectionHandler.process(AbstractProtocol.java:853)
	at org.apache.tomcat.util.net.NioEndpoint$SocketProcessor.doRun(NioEndpoint.java:1587)
	at org.apache.tomcat.util.net.SocketProcessorBase.run(SocketProcessorBase.java:49)
	at java.base/java.util.concurrent.ThreadPoolExecutor.runWorker(ThreadPoolExecutor.java:1128)
	at java.base/java.util.concurrent.ThreadPoolExecutor$Worker.run(ThreadPoolExecutor.java:628)
	at org.apache.tomcat.util.threads.TaskThread$WrappingRunnable.run(TaskThread.java:61)
	at java.base/java.lang.Thread.run(Thread.java:829)
Caused by: org.hibernate.exception.GenericJDBCException: Cannot release connection
	at org.hibernate.exception.SQLStateConverter.handledNonSpecificException(SQLStateConverter.java:140)
	at org.hibernate.exception.SQLStateConverter.convert(SQLStateConverter.java:128)
	at org.hibernate.exception.JDBCExceptionHelper.convert(JDBCExceptionHelper.java:66)
	at org.hibernate.exception.JDBCExceptionHelper.convert(JDBCExceptionHelper.java:52)
	at org.hibernate.jdbc.ConnectionManager.closeConnection(ConnectionManager.java:478)
	at org.hibernate.jdbc.ConnectionManager.aggressiveRelease(ConnectionManager.java:429)
	at org.hibernate.jdbc.ConnectionManager.afterTransaction(ConnectionManager.java:316)
	at org.hibernate.jdbc.JDBCContext.afterTransactionCompletion(JDBCContext.java:248)
	at org.hibernate.transaction.JDBCTransaction.commit(JDBCTransaction.java:158)
	at com.webratio.rtx.db.AbstractDBService.commitAndClose(AbstractDBService.java:124)
	... 47 more
Caused by: java.sql.SQLException: Already closed.
	at org.apache.commons.dbcp.PoolableConnection.close(PoolableConnection.java:114)
	at org.apache.commons.dbcp.PoolingDataSource$PoolGuardConnectionWrapper.close(PoolingDataSource.java:191)
	at com.webratio.rtx.hibernate.SafeDelegatingConnection.close(SafeDelegatingConnection.java:38)
	at com.webratio.rtx.hibernate.DBCPConnectionProvider.closeConnection(DBCPConnectionProvider.java:232)
	at org.hibernate.jdbc.ConnectionManager.closeConnection(ConnectionManager.java:474)
	... 52 more
10 ago 2023 15:45:31,934  ERROR [http-nio-8080-exec-8]  (com.webratio.struts.exceptions.GenericExceptionHandler:73) - An error occurred executing action for 'page1'
 com.webratio.rtx.RTXException: [inu1] org.hibernate.exception.GenericJDBCException: Cannot release connection
	at com.webratio.rtx.db.AbstractDBService.commitAndClose(AbstractDBService.java:128)
	at com.webratio.units.content.rtx.db.IndexUnitService.createUnitBean(IndexUnitService.java:139)
	at com.webratio.units.content.rtx.db.IndexUnitService.getUnitBean(IndexUnitService.java:95)
	at com.webratio.units.content.rtx.db.IndexUnitService.execute(IndexUnitService.java:71)
	at com.webratio.rtx.core.DefaultPageService.computeDataStructures(DefaultPageService.java:857)
	at com.webratio.rtx.core.DefaultPageService.computePage(DefaultPageService.java:403)
	at com.webratio.struts.actions.PageAction.doExecute(PageAction.java:476)
	at com.webratio.struts.actions.PageAction.execute(PageAction.java:77)
	at org.apache.struts.chain.commands.servlet.ExecuteAction.execute(ExecuteAction.java:58)
	at org.apache.struts.chain.commands.AbstractExecuteAction.execute(AbstractExecuteAction.java:67)
	at org.apache.struts.chain.commands.ActionCommandBase.execute(ActionCommandBase.java:51)
	at org.apache.commons.chain.impl.ChainBase.execute(ChainBase.java:190)
	at org.apache.commons.chain.generic.LookupCommand.execute(LookupCommand.java:304)
	at org.apache.commons.chain.impl.ChainBase.execute(ChainBase.java:190)
	at org.apache.struts.chain.ComposableRequestProcessor.process(ComposableRequestProcessor.java:283)
	at org.apache.struts.action.ActionServlet.process(ActionServlet.java:1913)
	at com.webratio.struts.servlets.WRActionServlet.process(WRActionServlet.java:155)
	at com.webratio.struts.servlets.WRActionServlet.doGet(WRActionServlet.java:109)
	at javax.servlet.http.HttpServlet.service(HttpServlet.java:634)
	at javax.servlet.http.HttpServlet.service(HttpServlet.java:741)
	at org.apache.catalina.core.ApplicationFilterChain.internalDoFilter(ApplicationFilterChain.java:231)
	at org.apache.catalina.core.ApplicationFilterChain.doFilter(ApplicationFilterChain.java:166)
	at org.apache.tomcat.websocket.server.WsFilter.doFilter(WsFilter.java:53)
	at org.apache.catalina.core.ApplicationFilterChain.internalDoFilter(ApplicationFilterChain.java:193)
	at org.apache.catalina.core.ApplicationFilterChain.doFilter(ApplicationFilterChain.java:166)
	at com.webratio.struts.filters.StaticResourceFilter.doFilter(StaticResourceFilter.java:78)
	at org.apache.catalina.core.ApplicationFilterChain.internalDoFilter(ApplicationFilterChain.java:193)
	at org.apache.catalina.core.ApplicationFilterChain.doFilter(ApplicationFilterChain.java:166)
	at com.webratio.struts.filters.SecurityFilter.doFilter(SecurityFilter.java:57)
	at org.apache.catalina.core.ApplicationFilterChain.internalDoFilter(ApplicationFilterChain.java:193)
	at org.apache.catalina.core.ApplicationFilterChain.doFilter(ApplicationFilterChain.java:166)
	at org.apache.catalina.core.StandardWrapperValve.invoke(StandardWrapperValve.java:202)
	at org.apache.catalina.core.StandardContextValve.invoke(StandardContextValve.java:96)
	at org.apache.catalina.authenticator.AuthenticatorBase.invoke(AuthenticatorBase.java:490)
	at org.apache.catalina.core.StandardHostValve.invoke(StandardHostValve.java:139)
	at org.apache.catalina.valves.ErrorReportValve.invoke(ErrorReportValve.java:92)
	at org.apache.catalina.valves.AbstractAccessLogValve.invoke(AbstractAccessLogValve.java:678)
	at org.apache.catalina.core.StandardEngineValve.invoke(StandardEngineValve.java:74)
	at org.apache.catalina.connector.CoyoteAdapter.service(CoyoteAdapter.java:343)
	at org.apache.coyote.http11.Http11Processor.service(Http11Processor.java:408)
	at org.apache.coyote.AbstractProcessorLight.process(AbstractProcessorLight.java:66)
	at org.apache.coyote.AbstractProtocol$ConnectionHandler.process(AbstractProtocol.java:853)
	at org.apache.tomcat.util.net.NioEndpoint$SocketProcessor.doRun(NioEndpoint.java:1587)
	at org.apache.tomcat.util.net.SocketProcessorBase.run(SocketProcessorBase.java:49)
	at java.base/java.util.concurrent.ThreadPoolExecutor.runWorker(ThreadPoolExecutor.java:1128)
	at java.base/java.util.concurrent.ThreadPoolExecutor$Worker.run(ThreadPoolExecutor.java:628)
	at org.apache.tomcat.util.threads.TaskThread$WrappingRunnable.run(TaskThread.java:61)
	at java.base/java.lang.Thread.run(Thread.java:829)
Caused by: org.hibernate.exception.GenericJDBCException: Cannot release connection
	at org.hibernate.exception.SQLStateConverter.handledNonSpecificException(SQLStateConverter.java:140)
	at org.hibernate.exception.SQLStateConverter.convert(SQLStateConverter.java:128)
	at org.hibernate.exception.JDBCExceptionHelper.convert(JDBCExceptionHelper.java:66)
	at org.hibernate.exception.JDBCExceptionHelper.convert(JDBCExceptionHelper.java:52)
	at org.hibernate.jdbc.ConnectionManager.closeConnection(ConnectionManager.java:478)
	at org.hibernate.jdbc.ConnectionManager.aggressiveRelease(ConnectionManager.java:429)
	at org.hibernate.jdbc.ConnectionManager.afterTransaction(ConnectionManager.java:316)
	at org.hibernate.jdbc.JDBCContext.afterTransactionCompletion(JDBCContext.java:248)
	at org.hibernate.transaction.JDBCTransaction.commit(JDBCTransaction.java:158)
	at com.webratio.rtx.db.AbstractDBService.commitAndClose(AbstractDBService.java:124)
	... 47 more
Caused by: java.sql.SQLException: Already closed.
	at org.apache.commons.dbcp.PoolableConnection.close(PoolableConnection.java:114)
	at org.apache.commons.dbcp.PoolingDataSource$PoolGuardConnectionWrapper.close(PoolingDataSource.java:191)
	at com.webratio.rtx.hibernate.SafeDelegatingConnection.close(SafeDelegatingConnection.java:38)
	at com.webratio.rtx.hibernate.DBCPConnectionProvider.closeConnection(DBCPConnectionProvider.java:232)
	at org.hibernate.jdbc.ConnectionManager.closeConnection(ConnectionManager.java:474)
	... 52 more
